{"/home/karel/Work/tshop_admin/src/App.jsx": {"path":"/home/karel/Work/tshop_admin/src/App.jsx","statementMap":{"0":{"start":{"line":1,"column":13},"end":{"line":1,"column":75}},"1":{"start":{"line":1,"column":94},"end":{"line":1,"column":136}},"2":{"start":{"line":7,"column":13},"end":{"line":7,"column":29}},"3":{"start":{"line":7,"column":44},"end":{"line":7,"column":74}},"4":{"start":{"line":7,"column":91},"end":{"line":7,"column":129}},"5":{"start":{"line":7,"column":147},"end":{"line":7,"column":180}},"6":{"start":{"line":7,"column":200},"end":{"line":7,"column":238}},"7":{"start":{"line":7,"column":259},"end":{"line":7,"column":295}},"8":{"start":{"line":7,"column":309},"end":{"line":7,"column":340}},"9":{"start":{"line":7,"column":355},"end":{"line":7,"column":385}},"10":{"start":{"line":7,"column":400},"end":{"line":7,"column":435}},"11":{"start":{"line":8,"column":14},"end":{"line":8,"column":49}},"12":{"start":{"line":8,"column":65},"end":{"line":8,"column":96}},"13":{"start":{"line":9,"column":14},"end":{"line":9,"column":49}},"14":{"start":{"line":9,"column":65},"end":{"line":9,"column":96}},"15":{"start":{"line":10,"column":15},"end":{"line":10,"column":51}},"16":{"start":{"line":10,"column":68},"end":{"line":10,"column":100}},"17":{"start":{"line":11,"column":18},"end":{"line":11,"column":57}},"18":{"start":{"line":11,"column":77},"end":{"line":11,"column":112}},"19":{"start":{"line":12,"column":12},"end":{"line":12,"column":45}},"20":{"start":{"line":12,"column":59},"end":{"line":12,"column":88}},"21":{"start":{"line":13,"column":21},"end":{"line":13,"column":64}},"22":{"start":{"line":13,"column":87},"end":{"line":13,"column":125}},"23":{"start":{"line":13,"column":164},"end":{"line":13,"column":218}},"24":{"start":{"line":15,"column":15},"end":{"line":43,"column":27}},"25":{"start":{"line":15,"column":25},"end":{"line":43,"column":26}},"26":{"start":{"line":49,"column":4},"end":{"line":49,"column":12}},"27":{"start":{"line":50,"column":4},"end":{"line":50,"column":41}},"28":{"start":{"line":55,"column":4},"end":{"line":63,"column":7}},"29":{"start":{"line":60,"column":6},"end":{"line":62,"column":7}},"30":{"start":{"line":61,"column":8},"end":{"line":61,"column":22}},"31":{"start":{"line":67,"column":4},"end":{"line":67,"column":26}},"32":{"start":{"line":71,"column":4},"end":{"line":72,"column":13}},"33":{"start":{"line":76,"column":14},"end":{"line":76,"column":32}},"34":{"start":{"line":77,"column":4},"end":{"line":99,"column":141}},"35":{"start":{"line":105,"column":4},"end":{"line":108,"column":37}}},"fnMap":{"0":{"name":"_interopRequireDefault","decl":{"start":{"line":13,"column":135},"end":{"line":13,"column":157}},"loc":{"start":{"line":13,"column":163},"end":{"line":13,"column":219}},"line":13},"1":{"name":"(anonymous_1)","decl":{"start":{"line":15,"column":15},"end":{"line":15,"column":16}},"loc":{"start":{"line":15,"column":25},"end":{"line":43,"column":26}},"line":15},"2":{"name":"(anonymous_2)","decl":{"start":{"line":48,"column":2},"end":{"line":48,"column":3}},"loc":{"start":{"line":48,"column":16},"end":{"line":51,"column":3}},"line":48},"3":{"name":"(anonymous_3)","decl":{"start":{"line":54,"column":2},"end":{"line":54,"column":3}},"loc":{"start":{"line":54,"column":19},"end":{"line":64,"column":3}},"line":54},"4":{"name":"(anonymous_4)","decl":{"start":{"line":57,"column":9},"end":{"line":57,"column":10}},"loc":{"start":{"line":57,"column":21},"end":{"line":58,"column":5}},"line":57},"5":{"name":"(anonymous_5)","decl":{"start":{"line":59,"column":10},"end":{"line":59,"column":11}},"loc":{"start":{"line":59,"column":17},"end":{"line":63,"column":5}},"line":59},"6":{"name":"(anonymous_6)","decl":{"start":{"line":66,"column":2},"end":{"line":66,"column":3}},"loc":{"start":{"line":66,"column":23},"end":{"line":68,"column":3}},"line":66},"7":{"name":"(anonymous_7)","decl":{"start":{"line":70,"column":2},"end":{"line":70,"column":3}},"loc":{"start":{"line":70,"column":11},"end":{"line":73,"column":3}},"line":70},"8":{"name":"(anonymous_8)","decl":{"start":{"line":75,"column":2},"end":{"line":75,"column":3}},"loc":{"start":{"line":75,"column":11},"end":{"line":105,"column":3}},"line":75}},"branchMap":{"0":{"loc":{"start":{"line":13,"column":171},"end":{"line":13,"column":217}},"type":"cond-expr","locations":[{"start":{"line":13,"column":195},"end":{"line":13,"column":198}},{"start":{"line":13,"column":201},"end":{"line":13,"column":217}}],"line":13},"1":{"loc":{"start":{"line":13,"column":171},"end":{"line":13,"column":192}},"type":"binary-expr","locations":[{"start":{"line":13,"column":171},"end":{"line":13,"column":174}},{"start":{"line":13,"column":178},"end":{"line":13,"column":192}}],"line":13},"2":{"loc":{"start":{"line":60,"column":6},"end":{"line":62,"column":7}},"type":"if","locations":[{"start":{"line":60,"column":6},"end":{"line":62,"column":7}},{"start":{"line":60,"column":6},"end":{"line":62,"column":7}}],"line":60}},"s":{"0":0,"1":0,"2":0,"3":0,"4":0,"5":0,"6":0,"7":0,"8":0,"9":0,"10":0,"11":0,"12":0,"13":0,"14":0,"15":0,"16":0,"17":0,"18":0,"19":0,"20":0,"21":0,"22":0,"23":0,"24":0,"25":0,"26":0,"27":0,"28":0,"29":0,"30":0,"31":0,"32":0,"33":0,"34":0,"35":0},"f":{"0":0,"1":0,"2":0,"3":0,"4":0,"5":0,"6":0,"7":0,"8":0},"b":{"0":[0,0],"1":[0,0],"2":[0,0]}}
,"/home/karel/Work/tshop_admin/src/index.js": {"path":"/home/karel/Work/tshop_admin/src/index.js","statementMap":{"0":{"start":{"line":1,"column":32},"end":{"line":1,"column":75}},"1":{"start":{"line":1,"column":89},"end":{"line":1,"column":105}},"2":{"start":{"line":1,"column":120},"end":{"line":1,"column":150}},"3":{"start":{"line":2,"column":16},"end":{"line":2,"column":36}},"4":{"start":{"line":2,"column":54},"end":{"line":2,"column":87}},"5":{"start":{"line":3,"column":18},"end":{"line":3,"column":51}},"6":{"start":{"line":3,"column":71},"end":{"line":3,"column":106}},"7":{"start":{"line":4,"column":11},"end":{"line":4,"column":27}},"8":{"start":{"line":4,"column":40},"end":{"line":4,"column":68}},"9":{"start":{"line":5,"column":17},"end":{"line":5,"column":56}},"10":{"start":{"line":5,"column":75},"end":{"line":5,"column":109}},"11":{"start":{"line":6,"column":19},"end":{"line":6,"column":57}},"12":{"start":{"line":6,"column":78},"end":{"line":6,"column":114}},"13":{"start":{"line":7,"column":0},"end":{"line":7,"column":23}},"14":{"start":{"line":8,"column":22},"end":{"line":8,"column":49}},"15":{"start":{"line":8,"column":88},"end":{"line":8,"column":142}},"16":{"start":{"line":8,"column":202},"end":{"line":8,"column":204}},"17":{"start":{"line":8,"column":205},"end":{"line":8,"column":340}},"18":{"start":{"line":8,"column":225},"end":{"line":8,"column":260}},"19":{"start":{"line":8,"column":251},"end":{"line":8,"column":260}},"20":{"start":{"line":8,"column":260},"end":{"line":8,"column":320}},"21":{"start":{"line":8,"column":311},"end":{"line":8,"column":320}},"22":{"start":{"line":8,"column":320},"end":{"line":8,"column":339}},"23":{"start":{"line":8,"column":340},"end":{"line":8,"column":354}},"24":{"start":{"line":10,"column":21},"end":{"line":14,"column":232}},"25":{"start":{"line":10,"column":48},"end":{"line":10,"column":62}},"26":{"start":{"line":10,"column":70},"end":{"line":10,"column":115}},"27":{"start":{"line":10,"column":116},"end":{"line":14,"column":231}},"28":{"start":{"line":12,"column":6},"end":{"line":14,"column":152}},"29":{"start":{"line":18,"column":0},"end":{"line":18,"column":67}},"30":{"start":{"line":20,"column":0},"end":{"line":27,"column":33}}},"fnMap":{"0":{"name":"_interopRequireDefault","decl":{"start":{"line":8,"column":59},"end":{"line":8,"column":81}},"loc":{"start":{"line":8,"column":87},"end":{"line":8,"column":143}},"line":8},"1":{"name":"_objectWithoutProperties","decl":{"start":{"line":8,"column":152},"end":{"line":8,"column":176}},"loc":{"start":{"line":8,"column":188},"end":{"line":8,"column":355}},"line":8},"2":{"name":"(anonymous_2)","decl":{"start":{"line":10,"column":21},"end":{"line":10,"column":22}},"loc":{"start":{"line":10,"column":31},"end":{"line":14,"column":232}},"line":10},"3":{"name":"(anonymous_3)","decl":{"start":{"line":11,"column":91},"end":{"line":11,"column":92}},"loc":{"start":{"line":12,"column":6},"end":{"line":14,"column":152}},"line":12}},"branchMap":{"0":{"loc":{"start":{"line":8,"column":95},"end":{"line":8,"column":141}},"type":"cond-expr","locations":[{"start":{"line":8,"column":119},"end":{"line":8,"column":122}},{"start":{"line":8,"column":125},"end":{"line":8,"column":141}}],"line":8},"1":{"loc":{"start":{"line":8,"column":95},"end":{"line":8,"column":116}},"type":"binary-expr","locations":[{"start":{"line":8,"column":95},"end":{"line":8,"column":98}},{"start":{"line":8,"column":102},"end":{"line":8,"column":116}}],"line":8},"2":{"loc":{"start":{"line":8,"column":225},"end":{"line":8,"column":260}},"type":"if","locations":[{"start":{"line":8,"column":225},"end":{"line":8,"column":260}},{"start":{"line":8,"column":225},"end":{"line":8,"column":260}}],"line":8},"3":{"loc":{"start":{"line":8,"column":260},"end":{"line":8,"column":320}},"type":"if","locations":[{"start":{"line":8,"column":260},"end":{"line":8,"column":320}},{"start":{"line":8,"column":260},"end":{"line":8,"column":320}}],"line":8},"4":{"loc":{"start":{"line":12,"column":6},"end":{"line":14,"column":152}},"type":"cond-expr","locations":[{"start":{"line":13,"column":6},"end":{"line":13,"column":149}},{"start":{"line":14,"column":6},"end":{"line":14,"column":152}}],"line":12}},"s":{"0":0,"1":0,"2":0,"3":0,"4":0,"5":0,"6":0,"7":0,"8":0,"9":0,"10":0,"11":0,"12":0,"13":0,"14":0,"15":0,"16":0,"17":0,"18":0,"19":0,"20":0,"21":0,"22":0,"23":0,"24":0,"25":0,"26":0,"27":0,"28":0,"29":0,"30":0},"f":{"0":0,"1":0,"2":0,"3":0},"b":{"0":[0,0],"1":[0,0],"2":[0,0],"3":[0,0],"4":[0,0]}}
,"/home/karel/Work/tshop_admin/src/components/dialogs/DeleteProductDialog.jsx": {"path":"/home/karel/Work/tshop_admin/src/components/dialogs/DeleteProductDialog.jsx","statementMap":{"0":{"start":{"line":14,"column":15},"end":{"line":16,"column":2}},"1":{"start":{"line":14,"column":25},"end":{"line":16,"column":1}},"2":{"start":{"line":20,"column":4},"end":{"line":20,"column":12}},"3":{"start":{"line":21,"column":4},"end":{"line":23,"column":5}},"4":{"start":{"line":27,"column":4},"end":{"line":27,"column":33}},"5":{"start":{"line":31,"column":4},"end":{"line":31,"column":34}},"6":{"start":{"line":35,"column":4},"end":{"line":39,"column":8}},"7":{"start":{"line":38,"column":8},"end":{"line":38,"column":32}},"8":{"start":{"line":43,"column":26},"end":{"line":43,"column":36}},"9":{"start":{"line":44,"column":4},"end":{"line":76,"column":5}},"10":{"start":{"line":69,"column":37},"end":{"line":69,"column":69}}},"fnMap":{"0":{"name":"(anonymous_0)","decl":{"start":{"line":14,"column":15},"end":{"line":14,"column":16}},"loc":{"start":{"line":14,"column":25},"end":{"line":16,"column":1}},"line":14},"1":{"name":"(anonymous_1)","decl":{"start":{"line":19,"column":2},"end":{"line":19,"column":3}},"loc":{"start":{"line":19,"column":17},"end":{"line":24,"column":3}},"line":19},"2":{"name":"(anonymous_2)","decl":{"start":{"line":26,"column":2},"end":{"line":26,"column":3}},"loc":{"start":{"line":26,"column":21},"end":{"line":28,"column":3}},"line":26},"3":{"name":"(anonymous_3)","decl":{"start":{"line":30,"column":16},"end":{"line":30,"column":17}},"loc":{"start":{"line":30,"column":22},"end":{"line":32,"column":3}},"line":30},"4":{"name":"(anonymous_4)","decl":{"start":{"line":34,"column":2},"end":{"line":34,"column":3}},"loc":{"start":{"line":34,"column":21},"end":{"line":40,"column":3}},"line":34},"5":{"name":"(anonymous_5)","decl":{"start":{"line":37,"column":12},"end":{"line":37,"column":13}},"loc":{"start":{"line":37,"column":18},"end":{"line":39,"column":7}},"line":37},"6":{"name":"(anonymous_6)","decl":{"start":{"line":42,"column":2},"end":{"line":42,"column":3}},"loc":{"start":{"line":42,"column":12},"end":{"line":77,"column":3}},"line":42},"7":{"name":"(anonymous_7)","decl":{"start":{"line":69,"column":31},"end":{"line":69,"column":32}},"loc":{"start":{"line":69,"column":37},"end":{"line":69,"column":69}},"line":69}},"branchMap":{},"s":{"0":2,"1":1,"2":1,"3":1,"4":1,"5":1,"6":0,"7":0,"8":3,"9":3,"10":0},"f":{"0":1,"1":1,"2":1,"3":1,"4":0,"5":0,"6":3,"7":0},"b":{},"_coverageSchema":"332fd63041d2c1bcb487cc26dd0d5f7d97098a6c","hash":"25720f4394e4396fad785c02417380d5f4095405"}
,"/home/karel/Work/tshop_admin/src/components/dialogs/ProductDetailDialog.jsx": {"path":"/home/karel/Work/tshop_admin/src/components/dialogs/ProductDetailDialog.jsx","statementMap":{"0":{"start":{"line":18,"column":15},"end":{"line":52,"column":2}},"1":{"start":{"line":18,"column":25},"end":{"line":52,"column":1}},"2":{"start":{"line":55,"column":2},"end":{"line":55,"column":44}},"3":{"start":{"line":60,"column":4},"end":{"line":60,"column":12}},"4":{"start":{"line":61,"column":4},"end":{"line":61,"column":62}},"5":{"start":{"line":62,"column":4},"end":{"line":66,"column":5}},"6":{"start":{"line":70,"column":4},"end":{"line":70,"column":34}},"7":{"start":{"line":71,"column":4},"end":{"line":75,"column":6}},"8":{"start":{"line":72,"column":19},"end":{"line":72,"column":40}},"9":{"start":{"line":73,"column":6},"end":{"line":73,"column":22}},"10":{"start":{"line":74,"column":6},"end":{"line":74,"column":50}},"11":{"start":{"line":76,"column":4},"end":{"line":76,"column":46}},"12":{"start":{"line":80,"column":4},"end":{"line":83,"column":6}},"13":{"start":{"line":87,"column":4},"end":{"line":93,"column":8}},"14":{"start":{"line":90,"column":8},"end":{"line":90,"column":55}},"15":{"start":{"line":97,"column":24},"end":{"line":97,"column":34}},"16":{"start":{"line":98,"column":62},"end":{"line":98,"column":72}},"17":{"start":{"line":99,"column":4},"end":{"line":253,"column":5}},"18":{"start":{"line":235,"column":26},"end":{"line":243,"column":27}}},"fnMap":{"0":{"name":"(anonymous_0)","decl":{"start":{"line":18,"column":15},"end":{"line":18,"column":16}},"loc":{"start":{"line":18,"column":25},"end":{"line":52,"column":1}},"line":18},"1":{"name":"Transition","decl":{"start":{"line":54,"column":9},"end":{"line":54,"column":19}},"loc":{"start":{"line":54,"column":27},"end":{"line":56,"column":1}},"line":54},"2":{"name":"(anonymous_2)","decl":{"start":{"line":59,"column":2},"end":{"line":59,"column":3}},"loc":{"start":{"line":59,"column":17},"end":{"line":67,"column":3}},"line":59},"3":{"name":"(anonymous_3)","decl":{"start":{"line":69,"column":2},"end":{"line":69,"column":3}},"loc":{"start":{"line":69,"column":29},"end":{"line":77,"column":3}},"line":69},"4":{"name":"(anonymous_4)","decl":{"start":{"line":71,"column":38},"end":{"line":71,"column":39}},"loc":{"start":{"line":71,"column":45},"end":{"line":75,"column":5}},"line":71},"5":{"name":"(anonymous_5)","decl":{"start":{"line":79,"column":2},"end":{"line":79,"column":3}},"loc":{"start":{"line":79,"column":23},"end":{"line":84,"column":3}},"line":79},"6":{"name":"(anonymous_6)","decl":{"start":{"line":86,"column":2},"end":{"line":86,"column":3}},"loc":{"start":{"line":86,"column":23},"end":{"line":94,"column":3}},"line":86},"7":{"name":"(anonymous_7)","decl":{"start":{"line":89,"column":12},"end":{"line":89,"column":13}},"loc":{"start":{"line":89,"column":24},"end":{"line":91,"column":7}},"line":89},"8":{"name":"(anonymous_8)","decl":{"start":{"line":92,"column":13},"end":{"line":92,"column":14}},"loc":{"start":{"line":92,"column":20},"end":{"line":93,"column":7}},"line":92},"9":{"name":"(anonymous_9)","decl":{"start":{"line":96,"column":2},"end":{"line":96,"column":3}},"loc":{"start":{"line":96,"column":12},"end":{"line":254,"column":3}},"line":96},"10":{"name":"(anonymous_10)","decl":{"start":{"line":234,"column":39},"end":{"line":234,"column":40}},"loc":{"start":{"line":234,"column":46},"end":{"line":244,"column":25}},"line":234}},"branchMap":{"0":{"loc":{"start":{"line":224,"column":24},"end":{"line":244,"column":26}},"type":"cond-expr","locations":[{"start":{"line":226,"column":24},"end":{"line":232,"column":31}},{"start":{"line":234,"column":24},"end":{"line":244,"column":26}}],"line":224}},"s":{"0":1,"1":1,"2":0,"3":1,"4":1,"5":1,"6":1,"7":1,"8":1,"9":1,"10":1,"11":1,"12":1,"13":1,"14":1,"15":7,"16":7,"17":7,"18":3},"f":{"0":1,"1":0,"2":1,"3":1,"4":1,"5":1,"6":1,"7":1,"8":0,"9":7,"10":3},"b":{"0":[4,3]},"_coverageSchema":"332fd63041d2c1bcb487cc26dd0d5f7d97098a6c","hash":"2231504aad9ba262077b0008850a80e6896c0c4b"}
,"/home/karel/Work/tshop_admin/src/components/dialogs/UpdateProductDialog.jsx": {"path":"/home/karel/Work/tshop_admin/src/components/dialogs/UpdateProductDialog.jsx","statementMap":{"0":{"start":{"line":19,"column":14},"end":{"line":23,"column":2}},"1":{"start":{"line":25,"column":15},"end":{"line":31,"column":2}},"2":{"start":{"line":25,"column":25},"end":{"line":31,"column":1}},"3":{"start":{"line":35,"column":4},"end":{"line":35,"column":17}},"4":{"start":{"line":36,"column":4},"end":{"line":36,"column":46}},"5":{"start":{"line":37,"column":4},"end":{"line":43,"column":5}},"6":{"start":{"line":47,"column":4},"end":{"line":49,"column":5}},"7":{"start":{"line":48,"column":6},"end":{"line":48,"column":12}},"8":{"start":{"line":50,"column":4},"end":{"line":52,"column":7}},"9":{"start":{"line":56,"column":4},"end":{"line":56,"column":33}},"10":{"start":{"line":60,"column":4},"end":{"line":60,"column":34}},"11":{"start":{"line":64,"column":15},"end":{"line":64,"column":31}},"12":{"start":{"line":65,"column":20},"end":{"line":65,"column":41}},"13":{"start":{"line":67,"column":4},"end":{"line":67,"column":46}},"14":{"start":{"line":68,"column":4},"end":{"line":68,"column":34}},"15":{"start":{"line":71,"column":4},"end":{"line":77,"column":5}},"16":{"start":{"line":72,"column":6},"end":{"line":72,"column":39}},"17":{"start":{"line":73,"column":6},"end":{"line":73,"column":46}},"18":{"start":{"line":75,"column":6},"end":{"line":75,"column":40}},"19":{"start":{"line":76,"column":6},"end":{"line":76,"column":46}},"20":{"start":{"line":79,"column":4},"end":{"line":79,"column":33}},"21":{"start":{"line":83,"column":17},"end":{"line":83,"column":38}},"22":{"start":{"line":84,"column":30},"end":{"line":84,"column":34}},"23":{"start":{"line":86,"column":4},"end":{"line":92,"column":5}},"24":{"start":{"line":87,"column":6},"end":{"line":91,"column":7}},"25":{"start":{"line":88,"column":8},"end":{"line":88,"column":35}},"26":{"start":{"line":90,"column":8},"end":{"line":90,"column":34}},"27":{"start":{"line":94,"column":4},"end":{"line":98,"column":5}},"28":{"start":{"line":95,"column":6},"end":{"line":95,"column":43}},"29":{"start":{"line":97,"column":6},"end":{"line":97,"column":44}},"30":{"start":{"line":102,"column":15},"end":{"line":102,"column":31}},"31":{"start":{"line":103,"column":4},"end":{"line":109,"column":8}},"32":{"start":{"line":106,"column":8},"end":{"line":106,"column":38}},"33":{"start":{"line":107,"column":8},"end":{"line":107,"column":37}},"34":{"start":{"line":108,"column":8},"end":{"line":108,"column":40}},"35":{"start":{"line":113,"column":35},"end":{"line":113,"column":45}},"36":{"start":{"line":114,"column":4},"end":{"line":214,"column":5}},"37":{"start":{"line":207,"column":34},"end":{"line":207,"column":66}}},"fnMap":{"0":{"name":"(anonymous_0)","decl":{"start":{"line":25,"column":15},"end":{"line":25,"column":16}},"loc":{"start":{"line":25,"column":25},"end":{"line":31,"column":1}},"line":25},"1":{"name":"(anonymous_1)","decl":{"start":{"line":34,"column":2},"end":{"line":34,"column":3}},"loc":{"start":{"line":34,"column":22},"end":{"line":44,"column":3}},"line":34},"2":{"name":"(anonymous_2)","decl":{"start":{"line":46,"column":2},"end":{"line":46,"column":3}},"loc":{"start":{"line":46,"column":28},"end":{"line":53,"column":3}},"line":46},"3":{"name":"(anonymous_3)","decl":{"start":{"line":55,"column":20},"end":{"line":55,"column":21}},"loc":{"start":{"line":55,"column":26},"end":{"line":57,"column":3}},"line":55},"4":{"name":"(anonymous_4)","decl":{"start":{"line":59,"column":16},"end":{"line":59,"column":17}},"loc":{"start":{"line":59,"column":22},"end":{"line":61,"column":3}},"line":59},"5":{"name":"(anonymous_5)","decl":{"start":{"line":63,"column":2},"end":{"line":63,"column":3}},"loc":{"start":{"line":63,"column":24},"end":{"line":80,"column":3}},"line":63},"6":{"name":"(anonymous_6)","decl":{"start":{"line":82,"column":2},"end":{"line":82,"column":3}},"loc":{"start":{"line":82,"column":21},"end":{"line":99,"column":3}},"line":82},"7":{"name":"(anonymous_7)","decl":{"start":{"line":101,"column":2},"end":{"line":101,"column":3}},"loc":{"start":{"line":101,"column":21},"end":{"line":110,"column":3}},"line":101},"8":{"name":"(anonymous_8)","decl":{"start":{"line":105,"column":12},"end":{"line":105,"column":13}},"loc":{"start":{"line":105,"column":18},"end":{"line":109,"column":7}},"line":105},"9":{"name":"(anonymous_9)","decl":{"start":{"line":112,"column":2},"end":{"line":112,"column":3}},"loc":{"start":{"line":112,"column":12},"end":{"line":215,"column":3}},"line":112},"10":{"name":"(anonymous_10)","decl":{"start":{"line":207,"column":28},"end":{"line":207,"column":29}},"loc":{"start":{"line":207,"column":34},"end":{"line":207,"column":66}},"line":207}},"branchMap":{"0":{"loc":{"start":{"line":47,"column":4},"end":{"line":49,"column":5}},"type":"if","locations":[{"start":{"line":47,"column":4},"end":{"line":49,"column":5}},{"start":{"line":47,"column":4},"end":{"line":49,"column":5}}],"line":47},"1":{"loc":{"start":{"line":71,"column":4},"end":{"line":77,"column":5}},"type":"if","locations":[{"start":{"line":71,"column":4},"end":{"line":77,"column":5}},{"start":{"line":71,"column":4},"end":{"line":77,"column":5}}],"line":71},"2":{"loc":{"start":{"line":87,"column":6},"end":{"line":91,"column":7}},"type":"if","locations":[{"start":{"line":87,"column":6},"end":{"line":91,"column":7}},{"start":{"line":87,"column":6},"end":{"line":91,"column":7}}],"line":87},"3":{"loc":{"start":{"line":94,"column":4},"end":{"line":98,"column":5}},"type":"if","locations":[{"start":{"line":94,"column":4},"end":{"line":98,"column":5}},{"start":{"line":94,"column":4},"end":{"line":98,"column":5}}],"line":94}},"s":{"0":2,"1":2,"2":1,"3":1,"4":1,"5":1,"6":1,"7":0,"8":1,"9":1,"10":1,"11":1,"12":1,"13":1,"14":1,"15":1,"16":0,"17":0,"18":1,"19":1,"20":1,"21":1,"22":1,"23":1,"24":1,"25":0,"26":1,"27":1,"28":0,"29":1,"30":0,"31":0,"32":0,"33":0,"34":0,"35":10,"36":10,"37":0},"f":{"0":1,"1":1,"2":1,"3":1,"4":1,"5":1,"6":1,"7":0,"8":0,"9":10,"10":0},"b":{"0":[0,1],"1":[0,1],"2":[0,1],"3":[0,1]},"_coverageSchema":"332fd63041d2c1bcb487cc26dd0d5f7d97098a6c","hash":"7a3f52eb32dfe123f0fe29c352529fa0ff2df871"}
,"/home/karel/Work/tshop_admin/src/components/drawers/Drawer.jsx": {"path":"/home/karel/Work/tshop_admin/src/components/drawers/Drawer.jsx","statementMap":{"0":{"start":{"line":1,"column":13},"end":{"line":1,"column":75}},"1":{"start":{"line":1,"column":94},"end":{"line":1,"column":158}},"2":{"start":{"line":4,"column":13},"end":{"line":4,"column":29}},"3":{"start":{"line":4,"column":44},"end":{"line":4,"column":74}},"4":{"start":{"line":4,"column":97},"end":{"line":4,"column":124}},"5":{"start":{"line":4,"column":139},"end":{"line":4,"column":174}},"6":{"start":{"line":5,"column":14},"end":{"line":5,"column":49}},"7":{"start":{"line":5,"column":65},"end":{"line":5,"column":96}},"8":{"start":{"line":6,"column":14},"end":{"line":6,"column":49}},"9":{"start":{"line":6,"column":65},"end":{"line":6,"column":96}},"10":{"start":{"line":7,"column":12},"end":{"line":7,"column":45}},"11":{"start":{"line":7,"column":59},"end":{"line":7,"column":88}},"12":{"start":{"line":8,"column":18},"end":{"line":8,"column":57}},"13":{"start":{"line":8,"column":77},"end":{"line":8,"column":112}},"14":{"start":{"line":9,"column":15},"end":{"line":9,"column":51}},"15":{"start":{"line":9,"column":68},"end":{"line":9,"column":100}},"16":{"start":{"line":10,"column":16},"end":{"line":10,"column":53}},"17":{"start":{"line":10,"column":71},"end":{"line":10,"column":104}},"18":{"start":{"line":11,"column":17},"end":{"line":11,"column":56}},"19":{"start":{"line":11,"column":75},"end":{"line":11,"column":109}},"20":{"start":{"line":11,"column":148},"end":{"line":11,"column":202}},"21":{"start":{"line":14,"column":20},"end":{"line":14,"column":23}},"22":{"start":{"line":16,"column":15},"end":{"line":33,"column":27}},"23":{"start":{"line":16,"column":25},"end":{"line":33,"column":26}},"24":{"start":{"line":37,"column":84},"end":{"line":39,"column":33}},"25":{"start":{"line":43,"column":23},"end":{"line":43,"column":44}},"26":{"start":{"line":44,"column":4},"end":{"line":44,"column":47}},"27":{"start":{"line":48,"column":17},"end":{"line":48,"column":38}},"28":{"start":{"line":49,"column":14},"end":{"line":49,"column":32}},"29":{"start":{"line":50,"column":4},"end":{"line":77,"column":195}},"30":{"start":{"line":85,"column":4},"end":{"line":88,"column":44}}},"fnMap":{"0":{"name":"_interopRequireDefault","decl":{"start":{"line":11,"column":119},"end":{"line":11,"column":141}},"loc":{"start":{"line":11,"column":147},"end":{"line":11,"column":203}},"line":11},"1":{"name":"(anonymous_1)","decl":{"start":{"line":16,"column":15},"end":{"line":16,"column":16}},"loc":{"start":{"line":16,"column":25},"end":{"line":33,"column":26}},"line":16},"2":{"name":"(anonymous_2)","decl":{"start":{"line":37,"column":52},"end":{"line":37,"column":53}},"loc":{"start":{"line":37,"column":73},"end":{"line":39,"column":34}},"line":37},"3":{"name":"(anonymous_3)","decl":{"start":{"line":42,"column":2},"end":{"line":42,"column":3}},"loc":{"start":{"line":42,"column":17},"end":{"line":45,"column":3}},"line":42},"4":{"name":"(anonymous_4)","decl":{"start":{"line":47,"column":2},"end":{"line":47,"column":3}},"loc":{"start":{"line":47,"column":11},"end":{"line":85,"column":3}},"line":47}},"branchMap":{"0":{"loc":{"start":{"line":11,"column":155},"end":{"line":11,"column":201}},"type":"cond-expr","locations":[{"start":{"line":11,"column":179},"end":{"line":11,"column":182}},{"start":{"line":11,"column":185},"end":{"line":11,"column":201}}],"line":11},"1":{"loc":{"start":{"line":11,"column":155},"end":{"line":11,"column":176}},"type":"binary-expr","locations":[{"start":{"line":11,"column":155},"end":{"line":11,"column":158}},{"start":{"line":11,"column":162},"end":{"line":11,"column":176}}],"line":11}},"s":{"0":0,"1":0,"2":0,"3":0,"4":0,"5":0,"6":0,"7":0,"8":0,"9":0,"10":0,"11":0,"12":0,"13":0,"14":0,"15":0,"16":0,"17":0,"18":0,"19":0,"20":0,"21":0,"22":0,"23":0,"24":0,"25":0,"26":0,"27":0,"28":0,"29":0,"30":0},"f":{"0":0,"1":0,"2":0,"3":0,"4":0},"b":{"0":[0,0],"1":[0,0]}}
,"/home/karel/Work/tshop_admin/src/components/pages/AddProductPage.jsx": {"path":"/home/karel/Work/tshop_admin/src/components/pages/AddProductPage.jsx","statementMap":{"0":{"start":{"line":1,"column":13},"end":{"line":1,"column":75}},"1":{"start":{"line":1,"column":94},"end":{"line":1,"column":164}},"2":{"start":{"line":6,"column":13},"end":{"line":6,"column":29}},"3":{"start":{"line":6,"column":44},"end":{"line":6,"column":74}},"4":{"start":{"line":6,"column":91},"end":{"line":6,"column":129}},"5":{"start":{"line":6,"column":147},"end":{"line":6,"column":180}},"6":{"start":{"line":6,"column":199},"end":{"line":6,"column":233}},"7":{"start":{"line":6,"column":253},"end":{"line":6,"column":288}},"8":{"start":{"line":6,"column":310},"end":{"line":6,"column":347}},"9":{"start":{"line":6,"column":370},"end":{"line":6,"column":408}},"10":{"start":{"line":6,"column":422},"end":{"line":6,"column":456}},"11":{"start":{"line":6,"column":471},"end":{"line":6,"column":501}},"12":{"start":{"line":7,"column":17},"end":{"line":7,"column":55}},"13":{"start":{"line":7,"column":74},"end":{"line":7,"column":108}},"14":{"start":{"line":8,"column":11},"end":{"line":8,"column":44}},"15":{"start":{"line":8,"column":57},"end":{"line":8,"column":85}},"16":{"start":{"line":9,"column":14},"end":{"line":9,"column":49}},"17":{"start":{"line":9,"column":65},"end":{"line":9,"column":96}},"18":{"start":{"line":10,"column":15},"end":{"line":10,"column":51}},"19":{"start":{"line":10,"column":68},"end":{"line":10,"column":100}},"20":{"start":{"line":11,"column":18},"end":{"line":11,"column":57}},"21":{"start":{"line":11,"column":77},"end":{"line":11,"column":112}},"22":{"start":{"line":12,"column":14},"end":{"line":12,"column":49}},"23":{"start":{"line":13,"column":12},"end":{"line":13,"column":45}},"24":{"start":{"line":13,"column":59},"end":{"line":13,"column":88}},"25":{"start":{"line":14,"column":16},"end":{"line":14,"column":53}},"26":{"start":{"line":14,"column":71},"end":{"line":14,"column":104}},"27":{"start":{"line":14,"column":143},"end":{"line":14,"column":197}},"28":{"start":{"line":16,"column":15},"end":{"line":36,"column":23}},"29":{"start":{"line":16,"column":25},"end":{"line":36,"column":22}},"30":{"start":{"line":40,"column":14},"end":{"line":51,"column":15}},"31":{"start":{"line":57,"column":4},"end":{"line":57,"column":12}},"32":{"start":{"line":57,"column":12},"end":{"line":184,"column":6}},"33":{"start":{"line":180,"column":25},"end":{"line":184,"column":5}},"34":{"start":{"line":181,"column":6},"end":{"line":181,"column":52}},"35":{"start":{"line":182,"column":17},"end":{"line":182,"column":33}},"36":{"start":{"line":183,"column":6},"end":{"line":183,"column":40}},"37":{"start":{"line":184,"column":6},"end":{"line":184,"column":57}},"38":{"start":{"line":184,"column":57},"end":{"line":184,"column":102}},"39":{"start":{"line":184,"column":102},"end":{"line":184,"column":143}},"40":{"start":{"line":184,"column":143},"end":{"line":184,"column":186}},"41":{"start":{"line":184,"column":186},"end":{"line":184,"column":467}},"42":{"start":{"line":184,"column":486},"end":{"line":184,"column":588}},"43":{"start":{"line":184,"column":539},"end":{"line":184,"column":585}},"44":{"start":{"line":184,"column":620},"end":{"line":184,"column":634}},"45":{"start":{"line":184,"column":635},"end":{"line":184,"column":662}},"46":{"start":{"line":184,"column":662},"end":{"line":184,"column":698}},"47":{"start":{"line":184,"column":719},"end":{"line":184,"column":747}},"48":{"start":{"line":184,"column":765},"end":{"line":184,"column":787}},"49":{"start":{"line":184,"column":800},"end":{"line":184,"column":802}},"50":{"start":{"line":184,"column":814},"end":{"line":184,"column":830}},"51":{"start":{"line":184,"column":845},"end":{"line":184,"column":861}},"52":{"start":{"line":184,"column":862},"end":{"line":184,"column":932}},"53":{"start":{"line":184,"column":883},"end":{"line":184,"column":906}},"54":{"start":{"line":184,"column":906},"end":{"line":184,"column":931}},"55":{"start":{"line":185,"column":4},"end":{"line":185,"column":72}},"56":{"start":{"line":185,"column":25},"end":{"line":185,"column":70}},"57":{"start":{"line":185,"column":72},"end":{"line":185,"column":169}},"58":{"start":{"line":185,"column":97},"end":{"line":185,"column":112}},"59":{"start":{"line":185,"column":129},"end":{"line":185,"column":151}},"60":{"start":{"line":185,"column":152},"end":{"line":185,"column":168}},"61":{"start":{"line":185,"column":169},"end":{"line":185,"column":479}},"62":{"start":{"line":185,"column":210},"end":{"line":185,"column":396}},"63":{"start":{"line":185,"column":396},"end":{"line":185,"column":424}},"64":{"start":{"line":185,"column":424},"end":{"line":185,"column":476}},"65":{"start":{"line":185,"column":442},"end":{"line":185,"column":467}},"66":{"start":{"line":186,"column":22},"end":{"line":186,"column":87}},"67":{"start":{"line":186,"column":104},"end":{"line":186,"column":120}},"68":{"start":{"line":186,"column":143},"end":{"line":186,"column":164}},"69":{"start":{"line":186,"column":185},"end":{"line":186,"column":207}},"70":{"start":{"line":186,"column":208},"end":{"line":186,"column":254}},"71":{"start":{"line":186,"column":254},"end":{"line":186,"column":288}},"72":{"start":{"line":186,"column":288},"end":{"line":186,"column":331}},"73":{"start":{"line":186,"column":331},"end":{"line":186,"column":376}},"74":{"start":{"line":186,"column":376},"end":{"line":186,"column":418}},"75":{"start":{"line":186,"column":418},"end":{"line":186,"column":462}},"76":{"start":{"line":186,"column":462},"end":{"line":186,"column":492}},"77":{"start":{"line":186,"column":529},"end":{"line":186,"column":531}},"78":{"start":{"line":186,"column":546},"end":{"line":186,"column":550}},"79":{"start":{"line":186,"column":573},"end":{"line":186,"column":594}},"80":{"start":{"line":186,"column":595},"end":{"line":186,"column":660}},"81":{"start":{"line":186,"column":625},"end":{"line":186,"column":659}},"82":{"start":{"line":186,"column":660},"end":{"line":186,"column":718}},"83":{"start":{"line":186,"column":680},"end":{"line":186,"column":716}},"84":{"start":{"line":186,"column":718},"end":{"line":186,"column":831}},"85":{"start":{"line":186,"column":741},"end":{"line":186,"column":782}},"86":{"start":{"line":186,"column":790},"end":{"line":186,"column":830}},"87":{"start":{"line":187,"column":4},"end":{"line":187,"column":52}},"88":{"start":{"line":191,"column":4},"end":{"line":193,"column":5}},"89":{"start":{"line":192,"column":6},"end":{"line":192,"column":13}},"90":{"start":{"line":194,"column":4},"end":{"line":195,"column":24}},"91":{"start":{"line":200,"column":12},"end":{"line":200,"column":28}},"92":{"start":{"line":201,"column":14},"end":{"line":201,"column":32}},"93":{"start":{"line":202,"column":4},"end":{"line":311,"column":189}},"94":{"start":{"line":231,"column":14},"end":{"line":232,"column":29}},"95":{"start":{"line":314,"column":4},"end":{"line":317,"column":48}}},"fnMap":{"0":{"name":"_interopRequireDefault","decl":{"start":{"line":14,"column":114},"end":{"line":14,"column":136}},"loc":{"start":{"line":14,"column":142},"end":{"line":14,"column":198}},"line":14},"1":{"name":"(anonymous_1)","decl":{"start":{"line":16,"column":15},"end":{"line":16,"column":16}},"loc":{"start":{"line":16,"column":25},"end":{"line":36,"column":22}},"line":16},"2":{"name":"(anonymous_2)","decl":{"start":{"line":56,"column":2},"end":{"line":56,"column":3}},"loc":{"start":{"line":56,"column":16},"end":{"line":184,"column":468}},"line":56},"3":{"name":"(anonymous_3)","decl":{"start":{"line":180,"column":17},"end":{"line":180,"column":18}},"loc":{"start":{"line":180,"column":25},"end":{"line":184,"column":5}},"line":180},"4":{"name":"(anonymous_4)","decl":{"start":{"line":180,"column":25},"end":{"line":180,"column":26}},"loc":{"start":{"line":180,"column":34},"end":{"line":184,"column":5}},"line":180},"5":{"name":"(anonymous_5)","decl":{"start":{"line":184,"column":468},"end":{"line":184,"column":469}},"loc":{"start":{"line":184,"column":485},"end":{"line":184,"column":589}},"line":184},"6":{"name":"(anonymous_6)","decl":{"start":{"line":184,"column":526},"end":{"line":184,"column":527}},"loc":{"start":{"line":184,"column":538},"end":{"line":184,"column":586}},"line":184},"7":{"name":"(anonymous_7)","decl":{"start":{"line":184,"column":589},"end":{"line":184,"column":590}},"loc":{"start":{"line":184,"column":606},"end":{"line":184,"column":699}},"line":184},"8":{"name":"(anonymous_8)","decl":{"start":{"line":184,"column":699},"end":{"line":184,"column":700}},"loc":{"start":{"line":184,"column":718},"end":{"line":185,"column":480}},"line":184},"9":{"name":"(anonymous_9)","decl":{"start":{"line":185,"column":20},"end":{"line":185,"column":21}},"loc":{"start":{"line":185,"column":25},"end":{"line":185,"column":70}},"line":185},"10":{"name":"(anonymous_10)","decl":{"start":{"line":185,"column":203},"end":{"line":185,"column":204}},"loc":{"start":{"line":185,"column":209},"end":{"line":185,"column":477}},"line":185},"11":{"name":"(anonymous_11)","decl":{"start":{"line":185,"column":435},"end":{"line":185,"column":436}},"loc":{"start":{"line":185,"column":441},"end":{"line":185,"column":468}},"line":185},"12":{"name":"(anonymous_12)","decl":{"start":{"line":185,"column":480},"end":{"line":185,"column":481}},"loc":{"start":{"line":185,"column":501},"end":{"line":186,"column":493}},"line":185},"13":{"name":"(anonymous_13)","decl":{"start":{"line":186,"column":493},"end":{"line":186,"column":494}},"loc":{"start":{"line":186,"column":511},"end":{"line":186,"column":832}},"line":186},"14":{"name":"(anonymous_14)","decl":{"start":{"line":186,"column":675},"end":{"line":186,"column":676}},"loc":{"start":{"line":186,"column":680},"end":{"line":186,"column":716}},"line":186},"15":{"name":"(anonymous_15)","decl":{"start":{"line":186,"column":832},"end":{"line":186,"column":833}},"loc":{"start":{"line":186,"column":848},"end":{"line":188,"column":3}},"line":186},"16":{"name":"(anonymous_16)","decl":{"start":{"line":190,"column":2},"end":{"line":190,"column":3}},"loc":{"start":{"line":190,"column":27},"end":{"line":197,"column":3}},"line":190},"17":{"name":"(anonymous_17)","decl":{"start":{"line":199,"column":2},"end":{"line":199,"column":3}},"loc":{"start":{"line":199,"column":11},"end":{"line":314,"column":3}},"line":199},"18":{"name":"(anonymous_18)","decl":{"start":{"line":230,"column":24},"end":{"line":230,"column":25}},"loc":{"start":{"line":231,"column":14},"end":{"line":232,"column":29}},"line":231}},"branchMap":{"0":{"loc":{"start":{"line":14,"column":150},"end":{"line":14,"column":196}},"type":"cond-expr","locations":[{"start":{"line":14,"column":174},"end":{"line":14,"column":177}},{"start":{"line":14,"column":180},"end":{"line":14,"column":196}}],"line":14},"1":{"loc":{"start":{"line":14,"column":150},"end":{"line":14,"column":171}},"type":"binary-expr","locations":[{"start":{"line":14,"column":150},"end":{"line":14,"column":153}},{"start":{"line":14,"column":157},"end":{"line":14,"column":171}}],"line":14},"2":{"loc":{"start":{"line":184,"column":862},"end":{"line":184,"column":932}},"type":"if","locations":[{"start":{"line":184,"column":862},"end":{"line":184,"column":932}},{"start":{"line":184,"column":862},"end":{"line":184,"column":932}}],"line":184},"3":{"loc":{"start":{"line":185,"column":25},"end":{"line":185,"column":70}},"type":"cond-expr","locations":[{"start":{"line":185,"column":50},"end":{"line":185,"column":66}},{"start":{"line":185,"column":69},"end":{"line":185,"column":70}}],"line":185},"4":{"loc":{"start":{"line":185,"column":72},"end":{"line":185,"column":169}},"type":"if","locations":[{"start":{"line":185,"column":72},"end":{"line":185,"column":169}},{"start":{"line":185,"column":72},"end":{"line":185,"column":169}}],"line":185},"5":{"loc":{"start":{"line":186,"column":680},"end":{"line":186,"column":716}},"type":"cond-expr","locations":[{"start":{"line":186,"column":694},"end":{"line":186,"column":709}},{"start":{"line":186,"column":712},"end":{"line":186,"column":716}}],"line":186},"6":{"loc":{"start":{"line":186,"column":718},"end":{"line":186,"column":831}},"type":"if","locations":[{"start":{"line":186,"column":718},"end":{"line":186,"column":831}},{"start":{"line":186,"column":718},"end":{"line":186,"column":831}}],"line":186},"7":{"loc":{"start":{"line":191,"column":4},"end":{"line":193,"column":5}},"type":"if","locations":[{"start":{"line":191,"column":4},"end":{"line":193,"column":5}},{"start":{"line":191,"column":4},"end":{"line":193,"column":5}}],"line":191}},"s":{"0":0,"1":0,"2":0,"3":0,"4":0,"5":0,"6":0,"7":0,"8":0,"9":0,"10":0,"11":0,"12":0,"13":0,"14":0,"15":0,"16":0,"17":0,"18":0,"19":0,"20":0,"21":0,"22":0,"23":0,"24":0,"25":0,"26":0,"27":0,"28":0,"29":0,"30":0,"31":0,"32":0,"33":0,"34":0,"35":0,"36":0,"37":0,"38":0,"39":0,"40":0,"41":0,"42":0,"43":0,"44":0,"45":0,"46":0,"47":0,"48":0,"49":0,"50":0,"51":0,"52":0,"53":0,"54":0,"55":0,"56":0,"57":0,"58":0,"59":0,"60":0,"61":0,"62":0,"63":0,"64":0,"65":0,"66":0,"67":0,"68":0,"69":0,"70":0,"71":0,"72":0,"73":0,"74":0,"75":0,"76":0,"77":0,"78":0,"79":0,"80":0,"81":0,"82":0,"83":0,"84":0,"85":0,"86":0,"87":0,"88":0,"89":0,"90":0,"91":0,"92":0,"93":0,"94":0,"95":0},"f":{"0":0,"1":0,"2":0,"3":0,"4":0,"5":0,"6":0,"7":0,"8":0,"9":0,"10":0,"11":0,"12":0,"13":0,"14":0,"15":0,"16":0,"17":0,"18":0},"b":{"0":[0,0],"1":[0,0],"2":[0,0],"3":[0,0],"4":[0,0],"5":[0,0],"6":[0,0],"7":[0,0]}}
,"/home/karel/Work/tshop_admin/src/components/pages/ChangePasswordPage.jsx": {"path":"/home/karel/Work/tshop_admin/src/components/pages/ChangePasswordPage.jsx","statementMap":{"0":{"start":{"line":1,"column":13},"end":{"line":1,"column":75}},"1":{"start":{"line":1,"column":94},"end":{"line":1,"column":168}},"2":{"start":{"line":6,"column":13},"end":{"line":6,"column":29}},"3":{"start":{"line":6,"column":44},"end":{"line":6,"column":74}},"4":{"start":{"line":6,"column":88},"end":{"line":6,"column":123}},"5":{"start":{"line":6,"column":138},"end":{"line":6,"column":168}},"6":{"start":{"line":6,"column":188},"end":{"line":6,"column":230}},"7":{"start":{"line":6,"column":251},"end":{"line":6,"column":287}},"8":{"start":{"line":6,"column":306},"end":{"line":6,"column":340}},"9":{"start":{"line":6,"column":360},"end":{"line":6,"column":395}},"10":{"start":{"line":6,"column":410},"end":{"line":6,"column":445}},"11":{"start":{"line":7,"column":17},"end":{"line":7,"column":55}},"12":{"start":{"line":7,"column":74},"end":{"line":7,"column":108}},"13":{"start":{"line":8,"column":13},"end":{"line":8,"column":47}},"14":{"start":{"line":8,"column":62},"end":{"line":8,"column":92}},"15":{"start":{"line":9,"column":12},"end":{"line":9,"column":45}},"16":{"start":{"line":9,"column":59},"end":{"line":9,"column":88}},"17":{"start":{"line":10,"column":18},"end":{"line":10,"column":57}},"18":{"start":{"line":10,"column":77},"end":{"line":10,"column":112}},"19":{"start":{"line":11,"column":14},"end":{"line":11,"column":49}},"20":{"start":{"line":11,"column":65},"end":{"line":11,"column":96}},"21":{"start":{"line":11,"column":135},"end":{"line":11,"column":189}},"22":{"start":{"line":13,"column":15},"end":{"line":22,"column":23}},"23":{"start":{"line":13,"column":25},"end":{"line":22,"column":22}},"24":{"start":{"line":28,"column":4},"end":{"line":28,"column":12}},"25":{"start":{"line":29,"column":4},"end":{"line":29,"column":47}},"26":{"start":{"line":30,"column":4},"end":{"line":30,"column":57}},"27":{"start":{"line":31,"column":4},"end":{"line":39,"column":26}},"28":{"start":{"line":44,"column":22},"end":{"line":44,"column":87}},"29":{"start":{"line":45,"column":26},"end":{"line":45,"column":47}},"30":{"start":{"line":46,"column":24},"end":{"line":46,"column":46}},"31":{"start":{"line":48,"column":4},"end":{"line":48,"column":47}},"32":{"start":{"line":49,"column":4},"end":{"line":49,"column":49}},"33":{"start":{"line":50,"column":4},"end":{"line":50,"column":46}},"34":{"start":{"line":51,"column":4},"end":{"line":51,"column":48}},"35":{"start":{"line":53,"column":4},"end":{"line":55,"column":7}},"36":{"start":{"line":54,"column":6},"end":{"line":54,"column":33}},"37":{"start":{"line":59,"column":21},"end":{"line":59,"column":23}},"38":{"start":{"line":60,"column":18},"end":{"line":60,"column":22}},"39":{"start":{"line":61,"column":26},"end":{"line":61,"column":47}},"40":{"start":{"line":63,"column":4},"end":{"line":65,"column":5}},"41":{"start":{"line":64,"column":6},"end":{"line":64,"column":40}},"42":{"start":{"line":67,"column":4},"end":{"line":67,"column":62}},"43":{"start":{"line":67,"column":24},"end":{"line":67,"column":60}},"44":{"start":{"line":69,"column":4},"end":{"line":73,"column":5}},"45":{"start":{"line":70,"column":6},"end":{"line":70,"column":51}},"46":{"start":{"line":72,"column":6},"end":{"line":72,"column":50}},"47":{"start":{"line":77,"column":4},"end":{"line":81,"column":7}},"48":{"start":{"line":80,"column":6},"end":{"line":80,"column":37}},"49":{"start":{"line":85,"column":14},"end":{"line":85,"column":32}},"50":{"start":{"line":86,"column":4},"end":{"line":86,"column":14}},"51":{"start":{"line":86,"column":35},"end":{"line":86,"column":53}},"52":{"start":{"line":86,"column":68},"end":{"line":86,"column":86}},"53":{"start":{"line":87,"column":4},"end":{"line":120,"column":135}},"54":{"start":{"line":128,"column":4},"end":{"line":131,"column":52}}},"fnMap":{"0":{"name":"_interopRequireDefault","decl":{"start":{"line":11,"column":106},"end":{"line":11,"column":128}},"loc":{"start":{"line":11,"column":134},"end":{"line":11,"column":190}},"line":11},"1":{"name":"(anonymous_1)","decl":{"start":{"line":13,"column":15},"end":{"line":13,"column":16}},"loc":{"start":{"line":13,"column":25},"end":{"line":22,"column":22}},"line":13},"2":{"name":"(anonymous_2)","decl":{"start":{"line":27,"column":2},"end":{"line":27,"column":3}},"loc":{"start":{"line":27,"column":16},"end":{"line":41,"column":3}},"line":27},"3":{"name":"(anonymous_3)","decl":{"start":{"line":43,"column":2},"end":{"line":43,"column":3}},"loc":{"start":{"line":43,"column":19},"end":{"line":56,"column":3}},"line":43},"4":{"name":"(anonymous_4)","decl":{"start":{"line":53,"column":61},"end":{"line":53,"column":62}},"loc":{"start":{"line":53,"column":67},"end":{"line":55,"column":5}},"line":53},"5":{"name":"(anonymous_5)","decl":{"start":{"line":58,"column":2},"end":{"line":58,"column":3}},"loc":{"start":{"line":58,"column":17},"end":{"line":74,"column":3}},"line":58},"6":{"name":"(anonymous_6)","decl":{"start":{"line":67,"column":19},"end":{"line":67,"column":20}},"loc":{"start":{"line":67,"column":24},"end":{"line":67,"column":60}},"line":67},"7":{"name":"(anonymous_7)","decl":{"start":{"line":76,"column":2},"end":{"line":76,"column":3}},"loc":{"start":{"line":76,"column":19},"end":{"line":82,"column":3}},"line":76},"8":{"name":"(anonymous_8)","decl":{"start":{"line":79,"column":9},"end":{"line":79,"column":10}},"loc":{"start":{"line":79,"column":15},"end":{"line":81,"column":5}},"line":79},"9":{"name":"(anonymous_9)","decl":{"start":{"line":84,"column":2},"end":{"line":84,"column":3}},"loc":{"start":{"line":84,"column":11},"end":{"line":128,"column":3}},"line":84}},"branchMap":{"0":{"loc":{"start":{"line":11,"column":142},"end":{"line":11,"column":188}},"type":"cond-expr","locations":[{"start":{"line":11,"column":166},"end":{"line":11,"column":169}},{"start":{"line":11,"column":172},"end":{"line":11,"column":188}}],"line":11},"1":{"loc":{"start":{"line":11,"column":142},"end":{"line":11,"column":163}},"type":"binary-expr","locations":[{"start":{"line":11,"column":142},"end":{"line":11,"column":145}},{"start":{"line":11,"column":149},"end":{"line":11,"column":163}}],"line":11},"2":{"loc":{"start":{"line":67,"column":24},"end":{"line":67,"column":60}},"type":"cond-expr","locations":[{"start":{"line":67,"column":38},"end":{"line":67,"column":53}},{"start":{"line":67,"column":56},"end":{"line":67,"column":60}}],"line":67},"3":{"loc":{"start":{"line":69,"column":4},"end":{"line":73,"column":5}},"type":"if","locations":[{"start":{"line":69,"column":4},"end":{"line":73,"column":5}},{"start":{"line":69,"column":4},"end":{"line":73,"column":5}}],"line":69},"4":{"loc":{"start":{"line":69,"column":8},"end":{"line":69,"column":76}},"type":"binary-expr","locations":[{"start":{"line":69,"column":8},"end":{"line":69,"column":56}},{"start":{"line":69,"column":60},"end":{"line":69,"column":76}}],"line":69}},"s":{"0":0,"1":0,"2":0,"3":0,"4":0,"5":0,"6":0,"7":0,"8":0,"9":0,"10":0,"11":0,"12":0,"13":0,"14":0,"15":0,"16":0,"17":0,"18":0,"19":0,"20":0,"21":0,"22":0,"23":0,"24":0,"25":0,"26":0,"27":0,"28":0,"29":0,"30":0,"31":0,"32":0,"33":0,"34":0,"35":0,"36":0,"37":0,"38":0,"39":0,"40":0,"41":0,"42":0,"43":0,"44":0,"45":0,"46":0,"47":0,"48":0,"49":0,"50":0,"51":0,"52":0,"53":0,"54":0},"f":{"0":0,"1":0,"2":0,"3":0,"4":0,"5":0,"6":0,"7":0,"8":0,"9":0},"b":{"0":[0,0],"1":[0,0],"2":[0,0],"3":[0,0],"4":[0,0]}}
,"/home/karel/Work/tshop_admin/src/components/pages/HomePage.jsx": {"path":"/home/karel/Work/tshop_admin/src/components/pages/HomePage.jsx","statementMap":{"0":{"start":{"line":1,"column":13},"end":{"line":1,"column":75}},"1":{"start":{"line":1,"column":94},"end":{"line":1,"column":158}},"2":{"start":{"line":6,"column":13},"end":{"line":6,"column":29}},"3":{"start":{"line":6,"column":44},"end":{"line":6,"column":74}},"4":{"start":{"line":6,"column":97},"end":{"line":6,"column":124}},"5":{"start":{"line":6,"column":148},"end":{"line":6,"column":187}},"6":{"start":{"line":6,"column":214},"end":{"line":6,"column":245}},"7":{"start":{"line":6,"column":273},"end":{"line":6,"column":316}},"8":{"start":{"line":6,"column":337},"end":{"line":6,"column":362}},"9":{"start":{"line":6,"column":384},"end":{"line":6,"column":421}},"10":{"start":{"line":6,"column":436},"end":{"line":6,"column":471}},"11":{"start":{"line":7,"column":22},"end":{"line":7,"column":65}},"12":{"start":{"line":7,"column":89},"end":{"line":7,"column":128}},"13":{"start":{"line":8,"column":29},"end":{"line":8,"column":79}},"14":{"start":{"line":8,"column":110},"end":{"line":8,"column":156}},"15":{"start":{"line":9,"column":29},"end":{"line":9,"column":79}},"16":{"start":{"line":9,"column":110},"end":{"line":9,"column":156}},"17":{"start":{"line":10,"column":18},"end":{"line":10,"column":57}},"18":{"start":{"line":10,"column":77},"end":{"line":10,"column":112}},"19":{"start":{"line":11,"column":18},"end":{"line":11,"column":58}},"20":{"start":{"line":11,"column":78},"end":{"line":11,"column":113}},"21":{"start":{"line":12,"column":20},"end":{"line":12,"column":62}},"22":{"start":{"line":12,"column":84},"end":{"line":12,"column":121}},"23":{"start":{"line":13,"column":18},"end":{"line":13,"column":58}},"24":{"start":{"line":13,"column":78},"end":{"line":13,"column":113}},"25":{"start":{"line":14,"column":16},"end":{"line":14,"column":54}},"26":{"start":{"line":14,"column":72},"end":{"line":14,"column":105}},"27":{"start":{"line":14,"column":144},"end":{"line":14,"column":198}},"28":{"start":{"line":19,"column":14},"end":{"line":23,"column":2}},"29":{"start":{"line":25,"column":15},"end":{"line":34,"column":25}},"30":{"start":{"line":25,"column":25},"end":{"line":34,"column":24}},"31":{"start":{"line":39,"column":12},"end":{"line":39,"column":25}},"32":{"start":{"line":40,"column":2},"end":{"line":75,"column":140}},"33":{"start":{"line":81,"column":1},"end":{"line":83,"column":38}}},"fnMap":{"0":{"name":"_interopRequireDefault","decl":{"start":{"line":14,"column":115},"end":{"line":14,"column":137}},"loc":{"start":{"line":14,"column":143},"end":{"line":14,"column":199}},"line":14},"1":{"name":"(anonymous_1)","decl":{"start":{"line":25,"column":15},"end":{"line":25,"column":16}},"loc":{"start":{"line":25,"column":25},"end":{"line":34,"column":24}},"line":25},"2":{"name":"Home","decl":{"start":{"line":38,"column":9},"end":{"line":38,"column":13}},"loc":{"start":{"line":38,"column":21},"end":{"line":81,"column":1}},"line":38}},"branchMap":{"0":{"loc":{"start":{"line":14,"column":151},"end":{"line":14,"column":197}},"type":"cond-expr","locations":[{"start":{"line":14,"column":175},"end":{"line":14,"column":178}},{"start":{"line":14,"column":181},"end":{"line":14,"column":197}}],"line":14},"1":{"loc":{"start":{"line":14,"column":151},"end":{"line":14,"column":172}},"type":"binary-expr","locations":[{"start":{"line":14,"column":151},"end":{"line":14,"column":154}},{"start":{"line":14,"column":158},"end":{"line":14,"column":172}}],"line":14}},"s":{"0":0,"1":0,"2":0,"3":0,"4":0,"5":0,"6":0,"7":0,"8":0,"9":0,"10":0,"11":0,"12":0,"13":0,"14":0,"15":0,"16":0,"17":0,"18":0,"19":0,"20":0,"21":0,"22":0,"23":0,"24":0,"25":0,"26":0,"27":0,"28":0,"29":0,"30":0,"31":0,"32":0,"33":0},"f":{"0":0,"1":0,"2":0},"b":{"0":[0,0],"1":[0,0]}}
,"/home/karel/Work/tshop_admin/src/components/pages/LoginPage.jsx": {"path":"/home/karel/Work/tshop_admin/src/components/pages/LoginPage.jsx","statementMap":{"0":{"start":{"line":1,"column":13},"end":{"line":1,"column":75}},"1":{"start":{"line":1,"column":94},"end":{"line":1,"column":159}},"2":{"start":{"line":7,"column":13},"end":{"line":7,"column":29}},"3":{"start":{"line":7,"column":44},"end":{"line":7,"column":74}},"4":{"start":{"line":7,"column":94},"end":{"line":7,"column":136}},"5":{"start":{"line":7,"column":157},"end":{"line":7,"column":193}},"6":{"start":{"line":7,"column":215},"end":{"line":7,"column":252}},"7":{"start":{"line":7,"column":275},"end":{"line":7,"column":313}},"8":{"start":{"line":7,"column":332},"end":{"line":7,"column":366}},"9":{"start":{"line":7,"column":386},"end":{"line":7,"column":421}},"10":{"start":{"line":7,"column":444},"end":{"line":7,"column":471}},"11":{"start":{"line":7,"column":484},"end":{"line":7,"column":517}},"12":{"start":{"line":7,"column":531},"end":{"line":7,"column":560}},"13":{"start":{"line":8,"column":14},"end":{"line":8,"column":49}},"14":{"start":{"line":9,"column":13},"end":{"line":9,"column":47}},"15":{"start":{"line":9,"column":62},"end":{"line":9,"column":92}},"16":{"start":{"line":10,"column":17},"end":{"line":10,"column":55}},"17":{"start":{"line":10,"column":74},"end":{"line":10,"column":108}},"18":{"start":{"line":11,"column":14},"end":{"line":11,"column":49}},"19":{"start":{"line":11,"column":65},"end":{"line":11,"column":96}},"20":{"start":{"line":11,"column":135},"end":{"line":11,"column":189}},"21":{"start":{"line":13,"column":15},"end":{"line":30,"column":21}},"22":{"start":{"line":13,"column":25},"end":{"line":30,"column":20}},"23":{"start":{"line":36,"column":4},"end":{"line":36,"column":12}},"24":{"start":{"line":37,"column":4},"end":{"line":37,"column":53}},"25":{"start":{"line":38,"column":4},"end":{"line":38,"column":39}},"26":{"start":{"line":39,"column":4},"end":{"line":39,"column":65}},"27":{"start":{"line":41,"column":4},"end":{"line":48,"column":33}},"28":{"start":{"line":53,"column":22},"end":{"line":53,"column":87}},"29":{"start":{"line":54,"column":26},"end":{"line":54,"column":47}},"30":{"start":{"line":55,"column":24},"end":{"line":55,"column":46}},"31":{"start":{"line":57,"column":4},"end":{"line":57,"column":47}},"32":{"start":{"line":58,"column":4},"end":{"line":58,"column":49}},"33":{"start":{"line":60,"column":4},"end":{"line":60,"column":61}},"34":{"start":{"line":62,"column":4},"end":{"line":62,"column":46}},"35":{"start":{"line":63,"column":4},"end":{"line":63,"column":48}},"36":{"start":{"line":65,"column":4},"end":{"line":65,"column":36}},"37":{"start":{"line":69,"column":21},"end":{"line":69,"column":23}},"38":{"start":{"line":70,"column":18},"end":{"line":70,"column":22}},"39":{"start":{"line":71,"column":26},"end":{"line":71,"column":47}},"40":{"start":{"line":73,"column":4},"end":{"line":75,"column":5}},"41":{"start":{"line":74,"column":6},"end":{"line":74,"column":40}},"42":{"start":{"line":77,"column":4},"end":{"line":77,"column":62}},"43":{"start":{"line":77,"column":24},"end":{"line":77,"column":60}},"44":{"start":{"line":78,"column":4},"end":{"line":82,"column":5}},"45":{"start":{"line":79,"column":6},"end":{"line":79,"column":49}},"46":{"start":{"line":81,"column":6},"end":{"line":81,"column":48}},"47":{"start":{"line":86,"column":4},"end":{"line":90,"column":7}},"48":{"start":{"line":89,"column":6},"end":{"line":89,"column":49}},"49":{"start":{"line":94,"column":4},"end":{"line":96,"column":5}},"50":{"start":{"line":95,"column":6},"end":{"line":95,"column":13}},"51":{"start":{"line":97,"column":4},"end":{"line":97,"column":48}},"52":{"start":{"line":101,"column":4},"end":{"line":103,"column":5}},"53":{"start":{"line":102,"column":6},"end":{"line":102,"column":151}},"54":{"start":{"line":105,"column":14},"end":{"line":105,"column":32}},"55":{"start":{"line":106,"column":4},"end":{"line":142,"column":208}},"56":{"start":{"line":145,"column":4},"end":{"line":148,"column":43}}},"fnMap":{"0":{"name":"_interopRequireDefault","decl":{"start":{"line":11,"column":106},"end":{"line":11,"column":128}},"loc":{"start":{"line":11,"column":134},"end":{"line":11,"column":190}},"line":11},"1":{"name":"(anonymous_1)","decl":{"start":{"line":13,"column":15},"end":{"line":13,"column":16}},"loc":{"start":{"line":13,"column":25},"end":{"line":30,"column":20}},"line":13},"2":{"name":"(anonymous_2)","decl":{"start":{"line":35,"column":2},"end":{"line":35,"column":3}},"loc":{"start":{"line":35,"column":16},"end":{"line":50,"column":3}},"line":35},"3":{"name":"(anonymous_3)","decl":{"start":{"line":52,"column":2},"end":{"line":52,"column":3}},"loc":{"start":{"line":52,"column":22},"end":{"line":66,"column":3}},"line":52},"4":{"name":"(anonymous_4)","decl":{"start":{"line":68,"column":2},"end":{"line":68,"column":3}},"loc":{"start":{"line":68,"column":22},"end":{"line":83,"column":3}},"line":68},"5":{"name":"(anonymous_5)","decl":{"start":{"line":77,"column":19},"end":{"line":77,"column":20}},"loc":{"start":{"line":77,"column":24},"end":{"line":77,"column":60}},"line":77},"6":{"name":"(anonymous_6)","decl":{"start":{"line":85,"column":2},"end":{"line":85,"column":3}},"loc":{"start":{"line":85,"column":10},"end":{"line":91,"column":3}},"line":85},"7":{"name":"(anonymous_7)","decl":{"start":{"line":88,"column":10},"end":{"line":88,"column":11}},"loc":{"start":{"line":88,"column":16},"end":{"line":90,"column":5}},"line":88},"8":{"name":"(anonymous_8)","decl":{"start":{"line":93,"column":2},"end":{"line":93,"column":3}},"loc":{"start":{"line":93,"column":36},"end":{"line":98,"column":3}},"line":93},"9":{"name":"(anonymous_9)","decl":{"start":{"line":100,"column":2},"end":{"line":100,"column":3}},"loc":{"start":{"line":100,"column":11},"end":{"line":145,"column":3}},"line":100}},"branchMap":{"0":{"loc":{"start":{"line":11,"column":142},"end":{"line":11,"column":188}},"type":"cond-expr","locations":[{"start":{"line":11,"column":166},"end":{"line":11,"column":169}},{"start":{"line":11,"column":172},"end":{"line":11,"column":188}}],"line":11},"1":{"loc":{"start":{"line":11,"column":142},"end":{"line":11,"column":163}},"type":"binary-expr","locations":[{"start":{"line":11,"column":142},"end":{"line":11,"column":145}},{"start":{"line":11,"column":149},"end":{"line":11,"column":163}}],"line":11},"2":{"loc":{"start":{"line":77,"column":24},"end":{"line":77,"column":60}},"type":"cond-expr","locations":[{"start":{"line":77,"column":38},"end":{"line":77,"column":53}},{"start":{"line":77,"column":56},"end":{"line":77,"column":60}}],"line":77},"3":{"loc":{"start":{"line":78,"column":4},"end":{"line":82,"column":5}},"type":"if","locations":[{"start":{"line":78,"column":4},"end":{"line":82,"column":5}},{"start":{"line":78,"column":4},"end":{"line":82,"column":5}}],"line":78},"4":{"loc":{"start":{"line":94,"column":4},"end":{"line":96,"column":5}},"type":"if","locations":[{"start":{"line":94,"column":4},"end":{"line":96,"column":5}},{"start":{"line":94,"column":4},"end":{"line":96,"column":5}}],"line":94},"5":{"loc":{"start":{"line":101,"column":4},"end":{"line":103,"column":5}},"type":"if","locations":[{"start":{"line":101,"column":4},"end":{"line":103,"column":5}},{"start":{"line":101,"column":4},"end":{"line":103,"column":5}}],"line":101}},"s":{"0":0,"1":0,"2":0,"3":0,"4":0,"5":0,"6":0,"7":0,"8":0,"9":0,"10":0,"11":0,"12":0,"13":0,"14":0,"15":0,"16":0,"17":0,"18":0,"19":0,"20":0,"21":0,"22":0,"23":0,"24":0,"25":0,"26":0,"27":0,"28":0,"29":0,"30":0,"31":0,"32":0,"33":0,"34":0,"35":0,"36":0,"37":0,"38":0,"39":0,"40":0,"41":0,"42":0,"43":0,"44":0,"45":0,"46":0,"47":0,"48":0,"49":0,"50":0,"51":0,"52":0,"53":0,"54":0,"55":0,"56":0},"f":{"0":0,"1":0,"2":0,"3":0,"4":0,"5":0,"6":0,"7":0,"8":0,"9":0},"b":{"0":[0,0],"1":[0,0],"2":[0,0],"3":[0,0],"4":[0,0],"5":[0,0]}}
,"/home/karel/Work/tshop_admin/src/components/pages/ProductCatalogPage.jsx": {"path":"/home/karel/Work/tshop_admin/src/components/pages/ProductCatalogPage.jsx","statementMap":{"0":{"start":{"line":1,"column":13},"end":{"line":1,"column":75}},"1":{"start":{"line":1,"column":94},"end":{"line":1,"column":168}},"2":{"start":{"line":1,"column":182},"end":{"line":1,"column":198}},"3":{"start":{"line":1,"column":213},"end":{"line":1,"column":243}},"4":{"start":{"line":2,"column":16},"end":{"line":2,"column":54}},"5":{"start":{"line":2,"column":72},"end":{"line":2,"column":105}},"6":{"start":{"line":3,"column":21},"end":{"line":3,"column":55}},"7":{"start":{"line":3,"column":78},"end":{"line":3,"column":116}},"8":{"start":{"line":4,"column":12},"end":{"line":4,"column":45}},"9":{"start":{"line":4,"column":59},"end":{"line":4,"column":88}},"10":{"start":{"line":4,"column":127},"end":{"line":4,"column":181}},"11":{"start":{"line":8,"column":4},"end":{"line":8,"column":12}},"12":{"start":{"line":9,"column":4},"end":{"line":9,"column":57}},"13":{"start":{"line":10,"column":4},"end":{"line":11,"column":21}},"14":{"start":{"line":16,"column":4},"end":{"line":20,"column":7}},"15":{"start":{"line":19,"column":6},"end":{"line":19,"column":49}},"16":{"start":{"line":24,"column":4},"end":{"line":24,"column":26}},"17":{"start":{"line":28,"column":15},"end":{"line":28,"column":34}},"18":{"start":{"line":29,"column":4},"end":{"line":31,"column":197}},"19":{"start":{"line":34,"column":4},"end":{"line":37,"column":15}}},"fnMap":{"0":{"name":"_interopRequireDefault","decl":{"start":{"line":4,"column":98},"end":{"line":4,"column":120}},"loc":{"start":{"line":4,"column":126},"end":{"line":4,"column":182}},"line":4},"1":{"name":"(anonymous_1)","decl":{"start":{"line":7,"column":2},"end":{"line":7,"column":3}},"loc":{"start":{"line":7,"column":16},"end":{"line":13,"column":3}},"line":7},"2":{"name":"(anonymous_2)","decl":{"start":{"line":15,"column":2},"end":{"line":15,"column":3}},"loc":{"start":{"line":15,"column":19},"end":{"line":21,"column":3}},"line":15},"3":{"name":"(anonymous_3)","decl":{"start":{"line":18,"column":9},"end":{"line":18,"column":10}},"loc":{"start":{"line":18,"column":21},"end":{"line":20,"column":5}},"line":18},"4":{"name":"(anonymous_4)","decl":{"start":{"line":23,"column":2},"end":{"line":23,"column":3}},"loc":{"start":{"line":23,"column":22},"end":{"line":25,"column":3}},"line":23},"5":{"name":"(anonymous_5)","decl":{"start":{"line":27,"column":2},"end":{"line":27,"column":3}},"loc":{"start":{"line":27,"column":11},"end":{"line":34,"column":3}},"line":27}},"branchMap":{"0":{"loc":{"start":{"line":4,"column":134},"end":{"line":4,"column":180}},"type":"cond-expr","locations":[{"start":{"line":4,"column":158},"end":{"line":4,"column":161}},{"start":{"line":4,"column":164},"end":{"line":4,"column":180}}],"line":4},"1":{"loc":{"start":{"line":4,"column":134},"end":{"line":4,"column":155}},"type":"binary-expr","locations":[{"start":{"line":4,"column":134},"end":{"line":4,"column":137}},{"start":{"line":4,"column":141},"end":{"line":4,"column":155}}],"line":4}},"s":{"0":0,"1":0,"2":0,"3":0,"4":0,"5":0,"6":0,"7":0,"8":0,"9":0,"10":0,"11":0,"12":0,"13":0,"14":0,"15":0,"16":0,"17":0,"18":0,"19":0},"f":{"0":0,"1":0,"2":0,"3":0,"4":0,"5":0},"b":{"0":[0,0],"1":[0,0]}}
,"/home/karel/Work/tshop_admin/src/components/pages/SettingsPage.jsx": {"path":"/home/karel/Work/tshop_admin/src/components/pages/SettingsPage.jsx","statementMap":{"0":{"start":{"line":1,"column":13},"end":{"line":1,"column":75}},"1":{"start":{"line":1,"column":94},"end":{"line":1,"column":162}},"2":{"start":{"line":6,"column":13},"end":{"line":6,"column":29}},"3":{"start":{"line":6,"column":44},"end":{"line":6,"column":74}},"4":{"start":{"line":6,"column":93},"end":{"line":6,"column":116}},"5":{"start":{"line":6,"column":136},"end":{"line":6,"column":171}},"6":{"start":{"line":6,"column":198},"end":{"line":6,"column":229}},"7":{"start":{"line":6,"column":257},"end":{"line":6,"column":300}},"8":{"start":{"line":6,"column":319},"end":{"line":6,"column":350}},"9":{"start":{"line":6,"column":370},"end":{"line":6,"column":405}},"10":{"start":{"line":6,"column":420},"end":{"line":6,"column":455}},"11":{"start":{"line":6,"column":471},"end":{"line":6,"column":502}},"12":{"start":{"line":7,"column":12},"end":{"line":7,"column":45}},"13":{"start":{"line":7,"column":59},"end":{"line":7,"column":88}},"14":{"start":{"line":8,"column":11},"end":{"line":8,"column":43}},"15":{"start":{"line":8,"column":56},"end":{"line":8,"column":84}},"16":{"start":{"line":9,"column":14},"end":{"line":9,"column":49}},"17":{"start":{"line":9,"column":88},"end":{"line":9,"column":142}},"18":{"start":{"line":11,"column":15},"end":{"line":14,"column":35}},"19":{"start":{"line":11,"column":25},"end":{"line":14,"column":34}},"20":{"start":{"line":19,"column":2},"end":{"line":21,"column":23}},"21":{"start":{"line":28,"column":4},"end":{"line":28,"column":12}},"22":{"start":{"line":28,"column":12},"end":{"line":36,"column":6}},"23":{"start":{"line":35,"column":6},"end":{"line":35,"column":43}},"24":{"start":{"line":36,"column":6},"end":{"line":36,"column":44}},"25":{"start":{"line":39,"column":14},"end":{"line":39,"column":32}},"26":{"start":{"line":40,"column":24},"end":{"line":40,"column":52}},"27":{"start":{"line":41,"column":4},"end":{"line":58,"column":278}},"28":{"start":{"line":61,"column":4},"end":{"line":64,"column":46}}},"fnMap":{"0":{"name":"_interopRequireDefault","decl":{"start":{"line":9,"column":59},"end":{"line":9,"column":81}},"loc":{"start":{"line":9,"column":87},"end":{"line":9,"column":143}},"line":9},"1":{"name":"(anonymous_1)","decl":{"start":{"line":11,"column":15},"end":{"line":11,"column":16}},"loc":{"start":{"line":11,"column":25},"end":{"line":14,"column":34}},"line":11},"2":{"name":"TabContainer","decl":{"start":{"line":18,"column":9},"end":{"line":18,"column":21}},"loc":{"start":{"line":18,"column":29},"end":{"line":24,"column":1}},"line":18},"3":{"name":"(anonymous_3)","decl":{"start":{"line":27,"column":2},"end":{"line":27,"column":3}},"loc":{"start":{"line":27,"column":16},"end":{"line":36,"column":45}},"line":27},"4":{"name":"(anonymous_4)","decl":{"start":{"line":34,"column":19},"end":{"line":34,"column":20}},"loc":{"start":{"line":34,"column":49},"end":{"line":36,"column":5}},"line":34},"5":{"name":"(anonymous_5)","decl":{"start":{"line":38,"column":2},"end":{"line":38,"column":3}},"loc":{"start":{"line":38,"column":11},"end":{"line":61,"column":3}},"line":38}},"branchMap":{"0":{"loc":{"start":{"line":9,"column":95},"end":{"line":9,"column":141}},"type":"cond-expr","locations":[{"start":{"line":9,"column":119},"end":{"line":9,"column":122}},{"start":{"line":9,"column":125},"end":{"line":9,"column":141}}],"line":9},"1":{"loc":{"start":{"line":9,"column":95},"end":{"line":9,"column":116}},"type":"binary-expr","locations":[{"start":{"line":9,"column":95},"end":{"line":9,"column":98}},{"start":{"line":9,"column":102},"end":{"line":9,"column":116}}],"line":9},"2":{"loc":{"start":{"line":56,"column":8},"end":{"line":56,"column":275}},"type":"binary-expr","locations":[{"start":{"line":56,"column":8},"end":{"line":56,"column":31}},{"start":{"line":56,"column":35},"end":{"line":56,"column":275}}],"line":56},"3":{"loc":{"start":{"line":57,"column":8},"end":{"line":57,"column":283}},"type":"binary-expr","locations":[{"start":{"line":57,"column":8},"end":{"line":57,"column":31}},{"start":{"line":57,"column":35},"end":{"line":57,"column":283}}],"line":57},"4":{"loc":{"start":{"line":58,"column":8},"end":{"line":58,"column":275}},"type":"binary-expr","locations":[{"start":{"line":58,"column":8},"end":{"line":58,"column":31}},{"start":{"line":58,"column":35},"end":{"line":58,"column":275}}],"line":58}},"s":{"0":0,"1":0,"2":0,"3":0,"4":0,"5":0,"6":0,"7":0,"8":0,"9":0,"10":0,"11":0,"12":0,"13":0,"14":0,"15":0,"16":0,"17":0,"18":0,"19":0,"20":0,"21":0,"22":0,"23":0,"24":0,"25":0,"26":0,"27":0,"28":0},"f":{"0":0,"1":0,"2":0,"3":0,"4":0,"5":0},"b":{"0":[0,0],"1":[0,0],"2":[0,0],"3":[0,0],"4":[0,0]}}
,"/home/karel/Work/tshop_admin/src/components/pages/SignUpPage.jsx": {"path":"/home/karel/Work/tshop_admin/src/components/pages/SignUpPage.jsx","statementMap":{"0":{"start":{"line":1,"column":13},"end":{"line":1,"column":75}},"1":{"start":{"line":1,"column":94},"end":{"line":1,"column":160}},"2":{"start":{"line":7,"column":13},"end":{"line":7,"column":29}},"3":{"start":{"line":7,"column":44},"end":{"line":7,"column":74}},"4":{"start":{"line":7,"column":93},"end":{"line":7,"column":127}},"5":{"start":{"line":7,"column":147},"end":{"line":7,"column":182}},"6":{"start":{"line":7,"column":202},"end":{"line":7,"column":244}},"7":{"start":{"line":7,"column":265},"end":{"line":7,"column":301}},"8":{"start":{"line":7,"column":324},"end":{"line":7,"column":362}},"9":{"start":{"line":7,"column":386},"end":{"line":7,"column":425}},"10":{"start":{"line":7,"column":446},"end":{"line":7,"column":482}},"11":{"start":{"line":7,"column":504},"end":{"line":7,"column":541}},"12":{"start":{"line":7,"column":554},"end":{"line":7,"column":587}},"13":{"start":{"line":7,"column":601},"end":{"line":7,"column":630}},"14":{"start":{"line":8,"column":18},"end":{"line":8,"column":57}},"15":{"start":{"line":8,"column":77},"end":{"line":8,"column":112}},"16":{"start":{"line":9,"column":14},"end":{"line":9,"column":49}},"17":{"start":{"line":9,"column":65},"end":{"line":9,"column":96}},"18":{"start":{"line":10,"column":17},"end":{"line":10,"column":55}},"19":{"start":{"line":10,"column":74},"end":{"line":10,"column":108}},"20":{"start":{"line":11,"column":13},"end":{"line":11,"column":47}},"21":{"start":{"line":11,"column":62},"end":{"line":11,"column":92}},"22":{"start":{"line":12,"column":14},"end":{"line":12,"column":49}},"23":{"start":{"line":12,"column":88},"end":{"line":12,"column":142}},"24":{"start":{"line":14,"column":15},"end":{"line":33,"column":23}},"25":{"start":{"line":14,"column":25},"end":{"line":33,"column":22}},"26":{"start":{"line":40,"column":4},"end":{"line":40,"column":12}},"27":{"start":{"line":41,"column":4},"end":{"line":41,"column":47}},"28":{"start":{"line":42,"column":4},"end":{"line":42,"column":41}},"29":{"start":{"line":43,"column":4},"end":{"line":43,"column":47}},"30":{"start":{"line":44,"column":4},"end":{"line":56,"column":32}},"31":{"start":{"line":61,"column":22},"end":{"line":61,"column":87}},"32":{"start":{"line":62,"column":26},"end":{"line":62,"column":47}},"33":{"start":{"line":63,"column":24},"end":{"line":63,"column":46}},"34":{"start":{"line":65,"column":4},"end":{"line":65,"column":47}},"35":{"start":{"line":66,"column":4},"end":{"line":66,"column":49}},"36":{"start":{"line":67,"column":4},"end":{"line":67,"column":46}},"37":{"start":{"line":68,"column":4},"end":{"line":68,"column":48}},"38":{"start":{"line":71,"column":4},"end":{"line":73,"column":7}},"39":{"start":{"line":72,"column":6},"end":{"line":72,"column":39}},"40":{"start":{"line":77,"column":21},"end":{"line":77,"column":23}},"41":{"start":{"line":78,"column":18},"end":{"line":78,"column":22}},"42":{"start":{"line":79,"column":26},"end":{"line":79,"column":47}},"43":{"start":{"line":81,"column":4},"end":{"line":83,"column":5}},"44":{"start":{"line":82,"column":6},"end":{"line":82,"column":40}},"45":{"start":{"line":85,"column":4},"end":{"line":85,"column":62}},"46":{"start":{"line":85,"column":24},"end":{"line":85,"column":60}},"47":{"start":{"line":87,"column":4},"end":{"line":91,"column":5}},"48":{"start":{"line":88,"column":6},"end":{"line":88,"column":57}},"49":{"start":{"line":90,"column":6},"end":{"line":90,"column":56}},"50":{"start":{"line":95,"column":4},"end":{"line":108,"column":7}},"51":{"start":{"line":98,"column":6},"end":{"line":103,"column":35}},"52":{"start":{"line":107,"column":6},"end":{"line":107,"column":50}},"53":{"start":{"line":112,"column":4},"end":{"line":114,"column":5}},"54":{"start":{"line":113,"column":6},"end":{"line":113,"column":13}},"55":{"start":{"line":115,"column":4},"end":{"line":117,"column":33}},"56":{"start":{"line":122,"column":14},"end":{"line":122,"column":32}},"57":{"start":{"line":123,"column":4},"end":{"line":123,"column":14}},"58":{"start":{"line":123,"column":35},"end":{"line":123,"column":53}},"59":{"start":{"line":123,"column":74},"end":{"line":123,"column":98}},"60":{"start":{"line":123,"column":120},"end":{"line":123,"column":145}},"61":{"start":{"line":123,"column":165},"end":{"line":123,"column":188}},"62":{"start":{"line":124,"column":4},"end":{"line":170,"column":186}},"63":{"start":{"line":173,"column":4},"end":{"line":176,"column":44}}},"fnMap":{"0":{"name":"_interopRequireDefault","decl":{"start":{"line":12,"column":59},"end":{"line":12,"column":81}},"loc":{"start":{"line":12,"column":87},"end":{"line":12,"column":143}},"line":12},"1":{"name":"(anonymous_1)","decl":{"start":{"line":14,"column":15},"end":{"line":14,"column":16}},"loc":{"start":{"line":14,"column":25},"end":{"line":33,"column":22}},"line":14},"2":{"name":"(anonymous_2)","decl":{"start":{"line":39,"column":2},"end":{"line":39,"column":3}},"loc":{"start":{"line":39,"column":16},"end":{"line":58,"column":3}},"line":39},"3":{"name":"(anonymous_3)","decl":{"start":{"line":60,"column":2},"end":{"line":60,"column":3}},"loc":{"start":{"line":60,"column":19},"end":{"line":74,"column":3}},"line":60},"4":{"name":"(anonymous_4)","decl":{"start":{"line":71,"column":61},"end":{"line":71,"column":62}},"loc":{"start":{"line":71,"column":67},"end":{"line":73,"column":5}},"line":71},"5":{"name":"(anonymous_5)","decl":{"start":{"line":76,"column":2},"end":{"line":76,"column":3}},"loc":{"start":{"line":76,"column":23},"end":{"line":92,"column":3}},"line":76},"6":{"name":"(anonymous_6)","decl":{"start":{"line":85,"column":19},"end":{"line":85,"column":20}},"loc":{"start":{"line":85,"column":24},"end":{"line":85,"column":60}},"line":85},"7":{"name":"(anonymous_7)","decl":{"start":{"line":94,"column":2},"end":{"line":94,"column":3}},"loc":{"start":{"line":94,"column":11},"end":{"line":109,"column":3}},"line":94},"8":{"name":"(anonymous_8)","decl":{"start":{"line":97,"column":9},"end":{"line":97,"column":10}},"loc":{"start":{"line":97,"column":15},"end":{"line":105,"column":5}},"line":97},"9":{"name":"(anonymous_9)","decl":{"start":{"line":106,"column":10},"end":{"line":106,"column":11}},"loc":{"start":{"line":106,"column":16},"end":{"line":108,"column":5}},"line":106},"10":{"name":"(anonymous_10)","decl":{"start":{"line":111,"column":2},"end":{"line":111,"column":3}},"loc":{"start":{"line":111,"column":27},"end":{"line":119,"column":3}},"line":111},"11":{"name":"(anonymous_11)","decl":{"start":{"line":121,"column":2},"end":{"line":121,"column":3}},"loc":{"start":{"line":121,"column":11},"end":{"line":173,"column":3}},"line":121}},"branchMap":{"0":{"loc":{"start":{"line":12,"column":95},"end":{"line":12,"column":141}},"type":"cond-expr","locations":[{"start":{"line":12,"column":119},"end":{"line":12,"column":122}},{"start":{"line":12,"column":125},"end":{"line":12,"column":141}}],"line":12},"1":{"loc":{"start":{"line":12,"column":95},"end":{"line":12,"column":116}},"type":"binary-expr","locations":[{"start":{"line":12,"column":95},"end":{"line":12,"column":98}},{"start":{"line":12,"column":102},"end":{"line":12,"column":116}}],"line":12},"2":{"loc":{"start":{"line":85,"column":24},"end":{"line":85,"column":60}},"type":"cond-expr","locations":[{"start":{"line":85,"column":38},"end":{"line":85,"column":53}},{"start":{"line":85,"column":56},"end":{"line":85,"column":60}}],"line":85},"3":{"loc":{"start":{"line":87,"column":4},"end":{"line":91,"column":5}},"type":"if","locations":[{"start":{"line":87,"column":4},"end":{"line":91,"column":5}},{"start":{"line":87,"column":4},"end":{"line":91,"column":5}}],"line":87},"4":{"loc":{"start":{"line":87,"column":8},"end":{"line":87,"column":110}},"type":"binary-expr","locations":[{"start":{"line":87,"column":8},"end":{"line":87,"column":56}},{"start":{"line":87,"column":60},"end":{"line":87,"column":90}},{"start":{"line":87,"column":94},"end":{"line":87,"column":110}}],"line":87},"5":{"loc":{"start":{"line":112,"column":4},"end":{"line":114,"column":5}},"type":"if","locations":[{"start":{"line":112,"column":4},"end":{"line":114,"column":5}},{"start":{"line":112,"column":4},"end":{"line":114,"column":5}}],"line":112}},"s":{"0":0,"1":0,"2":0,"3":0,"4":0,"5":0,"6":0,"7":0,"8":0,"9":0,"10":0,"11":0,"12":0,"13":0,"14":0,"15":0,"16":0,"17":0,"18":0,"19":0,"20":0,"21":0,"22":0,"23":0,"24":0,"25":0,"26":0,"27":0,"28":0,"29":0,"30":0,"31":0,"32":0,"33":0,"34":0,"35":0,"36":0,"37":0,"38":0,"39":0,"40":0,"41":0,"42":0,"43":0,"44":0,"45":0,"46":0,"47":0,"48":0,"49":0,"50":0,"51":0,"52":0,"53":0,"54":0,"55":0,"56":0,"57":0,"58":0,"59":0,"60":0,"61":0,"62":0,"63":0},"f":{"0":0,"1":0,"2":0,"3":0,"4":0,"5":0,"6":0,"7":0,"8":0,"9":0,"10":0,"11":0},"b":{"0":[0,0],"1":[0,0],"2":[0,0],"3":[0,0],"4":[0,0,0],"5":[0,0]}}
,"/home/karel/Work/tshop_admin/src/components/pagination/TablePagination.jsx": {"path":"/home/karel/Work/tshop_admin/src/components/pagination/TablePagination.jsx","statementMap":{"0":{"start":{"line":1,"column":13},"end":{"line":1,"column":75}},"1":{"start":{"line":1,"column":94},"end":{"line":1,"column":170}},"2":{"start":{"line":1,"column":184},"end":{"line":1,"column":200}},"3":{"start":{"line":1,"column":215},"end":{"line":1,"column":245}},"4":{"start":{"line":2,"column":14},"end":{"line":2,"column":49}},"5":{"start":{"line":3,"column":18},"end":{"line":3,"column":57}},"6":{"start":{"line":3,"column":77},"end":{"line":3,"column":112}},"7":{"start":{"line":4,"column":17},"end":{"line":4,"column":56}},"8":{"start":{"line":4,"column":75},"end":{"line":4,"column":109}},"9":{"start":{"line":5,"column":25},"end":{"line":5,"column":72}},"10":{"start":{"line":5,"column":99},"end":{"line":5,"column":141}},"11":{"start":{"line":6,"column":26},"end":{"line":6,"column":74}},"12":{"start":{"line":6,"column":102},"end":{"line":6,"column":145}},"13":{"start":{"line":7,"column":16},"end":{"line":7,"column":54}},"14":{"start":{"line":7,"column":72},"end":{"line":7,"column":105}},"15":{"start":{"line":7,"column":144},"end":{"line":7,"column":198}},"16":{"start":{"line":9,"column":22},"end":{"line":13,"column":45}},"17":{"start":{"line":9,"column":32},"end":{"line":13,"column":44}},"18":{"start":{"line":17,"column":96},"end":{"line":35,"column":13}},"19":{"start":{"line":19,"column":6},"end":{"line":19,"column":40}},"20":{"start":{"line":23,"column":6},"end":{"line":23,"column":58}},"21":{"start":{"line":27,"column":6},"end":{"line":27,"column":58}},"22":{"start":{"line":31,"column":6},"end":{"line":33,"column":77}},"23":{"start":{"line":38,"column":4},"end":{"line":38,"column":14}},"24":{"start":{"line":38,"column":31},"end":{"line":38,"column":45}},"25":{"start":{"line":38,"column":54},"end":{"line":38,"column":66}},"26":{"start":{"line":38,"column":74},"end":{"line":38,"column":85}},"27":{"start":{"line":38,"column":100},"end":{"line":38,"column":118}},"28":{"start":{"line":38,"column":127},"end":{"line":38,"column":139}},"29":{"start":{"line":40,"column":4},"end":{"line":68,"column":288}},"30":{"start":{"line":75,"column":38},"end":{"line":76,"column":23}},"31":{"start":{"line":76,"column":24},"end":{"line":79,"column":30}}},"fnMap":{"0":{"name":"_interopRequireDefault","decl":{"start":{"line":7,"column":115},"end":{"line":7,"column":137}},"loc":{"start":{"line":7,"column":143},"end":{"line":7,"column":199}},"line":7},"1":{"name":"(anonymous_1)","decl":{"start":{"line":9,"column":22},"end":{"line":9,"column":23}},"loc":{"start":{"line":9,"column":32},"end":{"line":13,"column":44}},"line":9},"2":{"name":"(anonymous_2)","decl":{"start":{"line":17,"column":64},"end":{"line":17,"column":65}},"loc":{"start":{"line":17,"column":85},"end":{"line":35,"column":14}},"line":17},"3":{"name":"(anonymous_3)","decl":{"start":{"line":18,"column":33},"end":{"line":18,"column":34}},"loc":{"start":{"line":18,"column":42},"end":{"line":20,"column":5}},"line":18},"4":{"name":"(anonymous_4)","decl":{"start":{"line":22,"column":28},"end":{"line":22,"column":29}},"loc":{"start":{"line":22,"column":37},"end":{"line":24,"column":5}},"line":22},"5":{"name":"(anonymous_5)","decl":{"start":{"line":26,"column":28},"end":{"line":26,"column":29}},"loc":{"start":{"line":26,"column":37},"end":{"line":28,"column":5}},"line":26},"6":{"name":"(anonymous_6)","decl":{"start":{"line":30,"column":32},"end":{"line":30,"column":33}},"loc":{"start":{"line":30,"column":41},"end":{"line":35,"column":5}},"line":30},"7":{"name":"(anonymous_7)","decl":{"start":{"line":37,"column":2},"end":{"line":37,"column":3}},"loc":{"start":{"line":37,"column":
[...]
:116}},"14":{"start":{"line":8,"column":24},"end":{"line":8,"column":68}},"15":{"start":{"line":8,"column":93},"end":{"line":8,"column":134}},"16":{"start":{"line":9,"column":17},"end":{"line":9,"column":55}},"17":{"start":{"line":9,"column":74},"end":{"line":9,"column":108}},"18":{"start":{"line":10,"column":17},"end":{"line":10,"column":55}},"19":{"start":{"line":10,"column":74},"end":{"line":10,"column":108}},"20":{"start":{"line":11,"column":16},"end":{"line":11,"column":53}},"21":{"start":{"line":11,"column":71},"end":{"line":11,"column":104}},"22":{"start":{"line":12,"column":14},"end":{"line":12,"column":49}},"23":{"start":{"line":13,"column":13},"end":{"line":13,"column":47}},"24":{"start":{"line":13,"column":62},"end":{"line":13,"column":92}},"25":{"start":{"line":13,"column":131},"end":{"line":13,"column":185}},"26":{"start":{"line":15,"column":15},"end":{"line":15,"column":28}},"27":{"start":{"line":15,"column":25},"end":{"line":15,"column":27}},"28":{"start":{"line":18,"column":84},"end":{"line":22,"column":30}},"29":{"start":{"line":26,"column":4},"end":{"line":26,"column":28}},"30":{"start":{"line":30,"column":4},"end":{"line":30,"column":55}},"31":{"start":{"line":34,"column":4},"end":{"line":38,"column":7}},"32":{"start":{"line":37,"column":6},"end":{"line":37,"column":49}},"33":{"start":{"line":42,"column":4},"end":{"line":42,"column":23}},"34":{"start":{"line":46,"column":4},"end":{"line":46,"column":14}},"35":{"start":{"line":46,"column":32},"end":{"line":46,"column":47}},"36":{"start":{"line":46,"column":62},"end":{"line":46,"column":80}},"37":{"start":{"line":46,"column":88},"end":{"line":46,"column":99}},"38":{"start":{"line":47,"column":22},"end":{"line":47,"column":95}},"39":{"start":{"line":49,"column":4},"end":{"line":84,"column":139}},"40":{"start":{"line":63,"column":16},"end":{"line":66,"column":157}},"41":{"start":{"line":92,"column":4},"end":{"line":95,"column":44}}},"fnMap":{"0":{"name":"_interopRequireDefault","decl":{"start":{"line":13,"column":102},"end":{"line":13,"column":124}},"loc":{"start":{"line":13,"column":130},"end":{"line":13,"column":186}},"line":13},"1":{"name":"(anonymous_1)","decl":{"start":{"line":15,"column":15},"end":{"line":15,"column":16}},"loc":{"start":{"line":15,"column":25},"end":{"line":15,"column":27}},"line":15},"2":{"name":"(anonymous_2)","decl":{"start":{"line":18,"column":52},"end":{"line":18,"column":53}},"loc":{"start":{"line":18,"column":73},"end":{"line":22,"column":31}},"line":18},"3":{"name":"(anonymous_3)","decl":{"start":{"line":25,"column":2},"end":{"line":25,"column":3}},"loc":{"start":{"line":25,"column":32},"end":{"line":27,"column":3}},"line":25},"4":{"name":"(anonymous_4)","decl":{"start":{"line":29,"column":2},"end":{"line":29,"column":3}},"loc":{"start":{"line":29,"column":33},"end":{"line":31,"column":3}},"line":29},"5":{"name":"(anonymous_5)","decl":{"start":{"line":33,"column":2},"end":{"line":33,"column":3}},"loc":{"start":{"line":33,"column":16},"end":{"line":39,"column":3}},"line":33},"6":{"name":"(anonymous_6)","decl":{"start":{"line":36,"column":9},"end":{"line":36,"column":10}},"loc":{"start":{"line":36,"column":21},"end":{"line":38,"column":5}},"line":36},"7":{"name":"(anonymous_7)","decl":{"start":{"line":41,"column":2},"end":{"line":41,"column":3}},"loc":{"start":{"line":41,"column":22},"end":{"line":43,"column":3}},"line":41},"8":{"name":"(anonymous_8)","decl":{"start":{"line":45,"column":2},"end":{"line":45,"column":3}},"loc":{"start":{"line":45,"column":11},"end":{"line":92,"column":3}},"line":45},"9":{"name":"(anonymous_9)","decl":{"start":{"line":62,"column":18},"end":{"line":62,"column":19}},"loc":{"start":{"line":62,"column":26},"end":{"line":69,"column":15}},"line":62}},"branchMap":{"0":{"loc":{"start":{"line":13,"column":138},"end":{"line":13,"column":184}},"type":"cond-expr","locations":[{"start":{"line":13,"column":162},"end":{"line":13,"column":165}},{"start":{"line":13,"column":168},"end":{"line":13,"column":184}}],"line":13},"1":{"loc":{"start":{"line":13,"column":138},"end":{"line":13,"column":159}},"type":"binary-expr","locations":[{"start":{"line":13,"column":138},"end":{"line":13,"column":141}},{"start":{"line":13,"column":145},"end":{"line":13,"column":159}}],"line":13},"2":{"loc":{"start":{"line":70,"column":14},"end":{"line":72,"column":151}},"type":"binary-expr","locations":[{"start":{"line":70,"column":14},"end":{"line":70,"column":27}},{"start":{"line":71,"column":14},"end":{"line":72,"column":151}}],"line":70}},"s":{"0":0,"1":0,"2":0,"3":0,"4":0,"5":0,"6":0,"7":0,"8":0,"9":0,"10":0,"11":0,"12":0,"13":0,"14":0,"15":0,"16":0,"17":0,"18":0,"19":0,"20":0,"21":0,"22":0,"23":0,"24":0,"25":0,"26":0,"27":0,"28":0,"29":0,"30":0,"31":0,"32":0,"33":0,"34":0,"35":0,"36":0,"37":0,"38":0,"39":0,"40":0,"41":0},"f":{"0":0,"1":0,"2":0,"3":0,"4":0,"5":0,"6":0,"7":0,"8":0,"9":0},"b":{"0":[0,0],"1":[0,0],"2":[0,0]}}
,"/home/karel/Work/tshop_admin/src/mixins/stringToFileConverter.js": {"path":"/home/karel/Work/tshop_admin/src/mixins/stringToFileConverter.js","statementMap":{"0":{"start":{"line":1,"column":13},"end":{"line":1,"column":75}},"1":{"start":{"line":2,"column":2},"end":{"line":2,"column":34}},"2":{"start":{"line":3,"column":2},"end":{"line":3,"column":31}},"3":{"start":{"line":5,"column":25},"end":{"line":5,"column":41}},"4":{"start":{"line":6,"column":21},"end":{"line":6,"column":23}},"5":{"start":{"line":8,"column":2},"end":{"line":18,"column":3}},"6":{"start":{"line":9,"column":18},"end":{"line":9,"column":66}},"7":{"start":{"line":11,"column":24},"end":{"line":11,"column":47}},"8":{"start":{"line":12,"column":4},"end":{"line":14,"column":5}},"9":{"start":{"line":13,"column":6},"end":{"line":13,"column":43}},"10":{"start":{"line":16,"column":22},"end":{"line":16,"column":49}},"11":{"start":{"line":17,"column":4},"end":{"line":17,"column":31}},"12":{"start":{"line":19,"column":15},"end":{"line":19,"column":58}},"13":{"start":{"line":20,"column":2},"end":{"line":20,"column":14}},"14":{"start":{"line":24,"column":30},"end":{"line":25,"column":16}},"15":{"start":{"line":25,"column":17},"end":{"line":28,"column":22}}},"fnMap":{"0":{"name":"base64toBlob","decl":{"start":{"line":1,"column":84},"end":{"line":1,"column":96}},"loc":{"start":{"line":1,"column":133},"end":{"line":21,"column":1}},"line":1}},"branchMap":{"0":{"loc":{"start":{"line":2,"column":16},"end":{"line":2,"column":33}},"type":"binary-expr","locations":[{"start":{"line":2,"column":16},"end":{"line":2,"column":27}},{"start":{"line":2,"column":31},"end":{"line":2,"column":33}}],"line":2},"1":{"loc":{"start":{"line":3,"column":14},"end":{"line":3,"column":30}},"type":"binary-expr","locations":[{"start":{"line":3,"column":14},"end":{"line":3,"column":23}},{"start":{"line":3,"column":27},"end":{"line":3,"column":30}}],"line":3}},"s":{"0":0,"1":0,"2":0,"3":0,"4":0,"5":0,"6":0,"7":0,"8":0,"9":0,"10":0,"11":0,"12":0,"13":0,"14":0,"15":0},"f":{"0":0},"b":{"0":[0,0],"1":[0,0]}}
,"/home/karel/Work/tshop_admin/src/mixins/validation.js": {"path":"/home/karel/Work/tshop_admin/src/mixins/validation.js","statementMap":{"0":{"start":{"line":1,"column":19},"end":{"line":1,"column":46}},"1":{"start":{"line":2,"column":22},"end":{"line":2,"column":46}},"2":{"start":{"line":3,"column":18},"end":{"line":3,"column":41}},"3":{"start":{"line":4,"column":23},"end":{"line":4,"column":47}},"4":{"start":{"line":5,"column":19},"end":{"line":5,"column":49}},"5":{"start":{"line":6,"column":19},"end":{"line":6,"column":45}},"6":{"start":{"line":9,"column":2},"end":{"line":16,"column":3}},"7":{"start":{"line":10,"column":18},"end":{"line":10,"column":46}},"8":{"start":{"line":11,"column":22},"end":{"line":11,"column":54}},"9":{"start":{"line":12,"column":18},"end":{"line":12,"column":46}},"10":{"start":{"line":13,"column":20},"end":{"line":13,"column":47}},"11":{"start":{"line":14,"column":18},"end":{"line":14,"column":46}},"12":{"start":{"line":15,"column":13},"end":{"line":15,"column":44}},"13":{"start":{"line":19,"column":19},"end":{"line":21,"column":1}}},"fnMap":{"0":{"name":"testReg","decl":{"start":{"line":8,"column":9},"end":{"line":8,"column":16}},"loc":{"start":{"line":8,"column":28},"end":{"line":17,"column":1}},"line":8}},"branchMap":{"0":{"loc":{"start":{"line":9,"column":2},"end":{"line":16,"column":3}},"type":"switch","locations":[{"start":{"line":10,"column":4},"end":{"line":10,"column":46}},{"start":{"line":11,"column":4},"end":{"line":11,"column":54}},{"start":{"line":12,"column":4},"end":{"line":12,"column":46}},{"start":{"line":13,"column":4},"end":{"line":13,"column":47}},{"start":{"line":14,"column":4},"end":{"line":14,"column":46}},{"start":{"line":15,"column":4},"end":{"line":15,"column":44}}],"line":9}},"s":{"0":2,"1":2,"2":2,"3":2,"4":2,"5":2,"6":1,"7":0,"8":0,"9":0,"10":0,"11":0,"12":1,"13":2},"f":{"0":1},"b":{"0":[0,0,0,0,0,1]},"_coverageSchema":"332fd63041d2c1bcb487cc26dd0d5f7d97098a6c","hash":"f9a67fc7a7a08de2090ec82afae673827284323e"}
,"/home/karel/Work/tshop_admin/src/services/http-common.js": {"path":"/home/karel/Work/tshop_admin/src/services/http-common.js","statementMap":{"0":{"start":{"line":4,"column":16},"end":{"line":4,"column":52}},"1":{"start":{"line":6,"column":15},"end":{"line":6,"column":40}},"2":{"start":{"line":8,"column":11},"end":{"line":8,"column":58}},"3":{"start":{"line":9,"column":0},"end":{"line":13,"column":1}},"4":{"start":{"line":10,"column":2},"end":{"line":10,"column":16}},"5":{"start":{"line":12,"column":2},"end":{"line":12,"column":32}},"6":{"start":{"line":15,"column":23},"end":{"line":17,"column":1}},"7":{"start":{"line":16,"column":2},"end":{"line":16,"column":57}},"8":{"start":{"line":19,"column":16},"end":{"line":29,"column":1}},"9":{"start":{"line":20,"column":20},"end":{"line":22,"column":3}},"10":{"start":{"line":21,"column":4},"end":{"line":21,"column":19}},"11":{"start":{"line":23,"column":18},"end":{"line":25,"column":3}},"12":{"start":{"line":24,"column":4},"end":{"line":24,"column":41}},"13":{"start":{"line":26,"column":2},"end":{"line":28,"column":19}},"14":{"start":{"line":31,"column":19},"end":{"line":37,"column":1}}},"fnMap":{"0":{"name":"(anonymous_0)","decl":{"start":{"line":15,"column":23},"end":{"line":15,"column":24}},"loc":{"start":{"line":15,"column":34},"end":{"line":17,"column":1}},"line":15},"1":{"name":"(anonymous_1)","decl":{"start":{"line":19,"column":16},"end":{"line":19,"column":17}},"loc":{"start":{"line":19,"column":29},"end":{"line":29,"column":1}},"line":19},"2":{"name":"(anonymous_2)","decl":{"start":{"line":20,"column":20},"end":{"line":20,"column":21}},"loc":{"start":{"line":20,"column":34},"end":{"line":22,"column":3}},"line":20},"3":{"name":"(anonymous_3)","decl":{"start":{"line":23,"column":18},"end":{"line":23,"column":19}},"loc":{"start":{"line":23,"column":29},"end":{"line":25,"column":3}},"line":23}},"branchMap":{"0":{"loc":{"start":{"line":9,"column":0},"end":{"line":13,"column":1}},"type":"if","locations":[{"start":{"line":9,"column":0},"end":{"line":13,"column":1}},{"start":{"line":9,"column":0},"end":{"line":13,"column":1}}],"line":9}},"s":{"0":3,"1":3,"2":3,"3":3,"4":0,"5":3,"6":3,"7":0,"8":3,"9":1,"10":1,"11":1,"12":0,"13":1,"14":3},"f":{"0":0,"1":1,"2":1,"3":0},"b":{"0":[0,3]},"_coverageSchema":"332fd63041d2c1bcb487cc26dd0d5f7d97098a6c","hash":"69c56996fb14c3911124c93f189884f9ad5c34cc"}
,"/home/karel/Work/tshop_admin/src/services/api/products.js": {"path":"/home/karel/Work/tshop_admin/src/services/api/products.js","statementMap":{"0":{"start":{"line":3,"column":14},"end":{"line":3,"column":32}},"1":{"start":{"line":6,"column":2},"end":{"line":9,"column":4}},"2":{"start":{"line":13,"column":2},"end":{"line":17,"column":4}},"3":{"start":{"line":21,"column":2},"end":{"line":28,"column":4}},"4":{"start":{"line":32,"column":2},"end":{"line":35,"column":4}},"5":{"start":{"line":39,"column":2},"end":{"line":42,"column":4}},"6":{"start":{"line":46,"column":2},"end":{"line":50,"column":4}},"7":{"start":{"line":54,"column":2},"end":{"line":57,"column":4}},"8":{"start":{"line":60,"column":24},"end":{"line":68,"column":1}}},"fnMap":{"0":{"name":"getAll","decl":{"start":{"line":5,"column":9},"end":{"line":5,"column":15}},"loc":{"start":{"line":5,"column":19},"end":{"line":10,"column":1}},"line":5},"1":{"name":"add","decl":{"start":{"line":12,"column":9},"end":{"line":12,"column":12}},"loc":{"start":{"line":12,"column":20},"end":{"line":18,"column":1}},"line":12},"2":{"name":"uploadFile","decl":{"start":{"line":20,"column":9},"end":{"line":20,"column":19}},"loc":{"start":{"line":20,"column":27},"end":{"line":29,"column":1}},"line":20},"3":{"name":"getOne","decl":{"start":{"line":31,"column":9},"end":{"line":31,"column":15}},"loc":{"start":{"line":31,"column":21},"end":{"line":36,"column":1}},"line":31},"4":{"name":"getImage","decl":{"start":{"line":38,"column":9},"end":{"line":38,"column":17}},"loc":{"start":{"line":38,"column":24},"end":{"line":43,"column":1}},"line":38},"5":{"name":"update","decl":{"start":{"line":45,"column":9},"end":{"line":45,"column":15}},"loc":{"start":{"line":45,"column":27},"end":{"line":51,"column":1}},"line":45},"6":{"name":"destroy","decl":{"start":{"line":53,"column":9},"end":{"line":53,"column":16}},"loc":{"start":{"line":53,"column":22},"end":{"line":58,"column":1}},"line":53}},"branchMap":{"0":{"loc":{"start":{"line":16,"column":10},"end":{"line":16,"column":20}},"type":"binary-expr","locations":[{"start":{"line":16,"column":10},"end":{"line":16,"column":14}},{"start":{"line":16,"column":18},"end":{"line":16,"column":20}}],"line":16},"1":{"loc":{"start":{"line":27,"column":10},"end":{"line":27,"column":20}},"type":"binary-expr","locations":[{"start":{"line":27,"column":10},"end":{"line":27,"column":14}},{"start":{"line":27,"column":18},"end":{"line":27,"column":20}}],"line":27},"2":{"loc":{"start":{"line":49,"column":10},"end":{"line":49,"column":20}},"type":"binary-expr","locations":[{"start":{"line":49,"column":10},"end":{"line":49,"column":14}},{"start":{"line":49,"column":18},"end":{"line":49,"column":20}}],"line":49}},"s":{"0":3,"1":0,"2":0,"3":0,"4":1,"5":0,"6":0,"7":0,"8":3},"f":{"0":0,"1":0,"2":0,"3":1,"4":0,"5":0,"6":0},"b":{"0":[0,0],"1":[0,0],"2":[0,0]},"_coverageSchema":"332fd63041d2c1bcb487cc26dd0d5f7d97098a6c","hash":"e48f1a86acb88129230448e671cbb5ca85599260"}
,"/home/karel/Work/tshop_admin/src/services/api/users.js": {"path":"/home/karel/Work/tshop_admin/src/services/api/users.js","statementMap":{"0":{"start":{"line":1,"column":13},"end":{"line":1,"column":75}},"1":{"start":{"line":1,"column":93},"end":{"line":1,"column":118}},"2":{"start":{"line":1,"column":138},"end":{"line":1,"column":173}},"3":{"start":{"line":1,"column":212},"end":{"line":1,"column":266}},"4":{"start":{"line":3,"column":15},"end":{"line":3,"column":41}},"5":{"start":{"line":5,"column":14},"end":{"line":5,"column":42}},"6":{"start":{"line":8,"column":2},"end":{"line":10,"column":21}},"7":{"start":{"line":15,"column":2},"end":{"line":17,"column":24}},"8":{"start":{"line":22,"column":2},"end":{"line":25,"column":38}},"9":{"start":{"line":29,"column":21},"end":{"line":32,"column":18}},"10":{"start":{"line":32,"column":19},"end":{"line":35,"column":13}}},"fnMap":{"0":{"name":"_interopRequireDefault","decl":{"start":{"line":1,"column":183},"end":{"line":1,"column":205}},"loc":{"start":{"line":1,"column":211},"end":{"line":1,"column":267}},"line":1},"1":{"name":"getAll","decl":{"start":{"line":7,"column":9},"end":{"line":7,"column":15}},"loc":{"start":{"line":7,"column":18},"end":{"line":12,"column":1}},"line":7},"2":{"name":"deleteUser","decl":{"start":{"line":14,"column":9},"end":{"line":14,"column":19}},"loc":{"start":{"line":14,"column":22},"end":{"line":19,"column":1}},"line":14},"3":{"name":"changePassword","decl":{"start":{"line":21,"column":9},"end":{"line":21,"column":23}},"loc":{"start":{"line":21,"column":34},"end":{"line":27,"column":1}},"line":21}},"branchMap":{"0":{"loc":{"start":{"line":1,"column":219},"end":{"line":1,"column":265}},"type":"cond-expr","locations":[{"start":{"line":1,"column":243},"end":{"line":1,"column":246}},{"start":{"line":1,"column":249},"end":{"line":1,"column":265}}],"line":1},"1":{"loc":{"start":{"line":1,"column":219},"end":{"line":1,"column":240}},"type":"binary-expr","locations":[{"start":{"line":1,"column":219},"end":{"line":1,"column":222}},{"start":{"line":1,"column":226},"end":{"line":1,"column":240}}],"line":1}},"s":{"0":0,"1":0,"2":0,"3":0,"4":0,"5":0,"6":0,"7":0,"8":0,"9":0,"10":0},"f":{"0":0,"1":0,"2":0,"3":0},"b":{"0":[0,0],"1":[0,0]}}
,"/home/karel/Work/tshop_admin/src/services/auth/authService.js": {"path":"/home/karel/Work/tshop_admin/src/services/auth/authService.js","statementMap":{"0":{"start":{"line":1,"column":13},"end":{"line":1,"column":75}},"1":{"start":{"line":1,"column":93},"end":{"line":1,"column":118}},"2":{"start":{"line":1,"column":138},"end":{"line":1,"column":173}},"3":{"start":{"line":1,"column":212},"end":{"line":1,"column":266}},"4":{"start":{"line":3,"column":14},"end":{"line":3,"column":42}},"5":{"start":{"line":6,"column":2},"end":{"line":16,"column":5}},"6":{"start":{"line":11,"column":18},"end":{"line":11,"column":42}},"7":{"start":{"line":12,"column":4},"end":{"line":12,"column":41}},"8":{"start":{"line":13,"column":4},"end":{"line":13,"column":54}},"9":{"start":{"line":14,"column":4},"end":{"line":14,"column":49}},"10":{"start":{"line":15,"column":4},"end":{"line":15,"column":29}},"11":{"start":{"line":20,"column":2},"end":{"line":23,"column":57}},"12":{"start":{"line":28,"column":2},"end":{"line":28,"column":23}},"13":{"start":{"line":29,"column":2},"end":{"line":29,"column":27}},"14":{"start":{"line":33,"column":2},"end":{"line":37,"column":3}},"15":{"start":{"line":34,"column":4},"end":{"line":34,"column":16}},"16":{"start":{"line":36,"column":4},"end":{"line":36,"column":17}},"17":{"start":{"line":40,"column":20},"end":{"line":44,"column":10}},"18":{"start":{"line":44,"column":11},"end":{"line":47,"column":12}}},"fnMap":{"0":{"name":"_interopRequireDefault","decl":{"start":{"line":1,"column":183},"end":{"line":1,"column":205}},"loc":{"start":{"line":1,"column":211},"end":{"line":1,"column":267}},"line":1},"1":{"name":"login","decl":{"start":{"line":5,"column":9},"end":{"line":5,"column":14}},"loc":{"start":{"line":5,"column":35},"end":{"line":17,"column":1}},"line":5},"2":{"name":"(anonymous_2)","decl":{"start":{"line":10,"column":7},"end":{"line":10,"column":8}},"loc":{"start":{"line":10,"column":19},"end":{"line":16,"column":3}},"line":10},"3":{"name":"signUp","decl":{"start":{"line":19,"column":9},"end":{"line":19,"column":15}},"loc":{"start":{"line":19,"column":36},"end":{"line":25,"column":1}},"line":19},"4":{"name":"logout","decl":{"start":{"line":27,"column":9},"end":{"line":27,"column":15}},"loc":{"start":{"line":27,"column":18},"end":{"line":30,"column":1}},"line":27},"5":{"name":"isAuthenticated","decl":{"start":{"line":32,"column":9},"end":{"line":32,"column":24}},"loc":{"start":{"line":32,"column":27},"end":{"line":38,"column":1}},"line":32}},"branchMap":{"0":{"loc":{"start":{"line":1,"column":219},"end":{"line":1,"column":265}},"type":"cond-expr","locations":[{"start":{"line":1,"column":243},"end":{"line":1,"column":246}},{"start":{"line":1,"column":249},"end":{"line":1,"column":265}}],"line":1},"1":{"loc":{"start":{"line":1,"column":219},"end":{"line":1,"column":240}},"type":"binary-expr","locations":[{"start":{"line":1,"column":219},"end":{"line":1,"column":222}},{"start":{"line":1,"column":226},"end":{"line":1,"column":240}}],"line":1},"2":{"loc":{"start":{"line":33,"column":2},"end":{"line":37,"column":3}},"type":"if","locations":[{"start":{"line":33,"column":2},"end":{"line":37,"column":3}},{"start":{"line":33,"column":2},"end":{"line":37,"column":3}}],"line":33}},"s":{"0":0,"1":0,"2":0,"3":0,"4":0,"5":0,"6":0,"7":0,"8":0,"9":0,"10":0,"11":0,"12":0,"13":0,"14":0,"15":0,"16":0,"17":0,"18":0},"f":{"0":0,"1":0,"2":0,"3":0,"4":0,"5":0},"b":{"0":[0,0],"1":[0,0],"2":[0,0]}}
}
