TN:
SF:/home/karel/Work/tshop_admin/src/App.jsx
FN:13,_interopRequireDefault
FN:15,(anonymous_1)
FN:48,(anonymous_2)
FN:54,(anonymous_3)
FN:57,(anonymous_4)
FN:59,(anonymous_5)
FN:66,(anonymous_6)
FN:70,(anonymous_7)
FN:75,(anonymous_8)
FNF:9
FNH:0
FNDA:0,_interopRequireDefault
FNDA:0,(anonymous_1)
FNDA:0,(anonymous_2)
FNDA:0,(anonymous_3)
FNDA:0,(anonymous_4)
FNDA:0,(anonymous_5)
FNDA:0,(anonymous_6)
FNDA:0,(anonymous_7)
FNDA:0,(anonymous_8)
DA:1,0
DA:7,0
DA:8,0
DA:9,0
DA:10,0
DA:11,0
DA:12,0
DA:13,0
DA:15,0
DA:49,0
DA:50,0
DA:55,0
DA:60,0
DA:61,0
DA:67,0
DA:71,0
DA:76,0
DA:77,0
DA:105,0
LF:19
LH:0
BRDA:13,0,0,0
BRDA:13,0,1,0
BRDA:13,1,0,0
BRDA:13,1,1,0
BRDA:60,2,0,0
BRDA:60,2,1,0
BRF:6
BRH:0
end_of_record
TN:
SF:/home/karel/Work/tshop_admin/src/index.js
FN:8,_interopRequireDefault
FN:8,_objectWithoutProperties
FN:10,(anonymous_2)
FN:11,(anonymous_3)
FNF:4
FNH:0
FNDA:0,_interopRequireDefault
FNDA:0,_objectWithoutProperties
FNDA:0,(anonymous_2)
FNDA:0,(anonymous_3)
DA:1,0
DA:2,0
DA:3,0
DA:4,0
DA:5,0
DA:6,0
DA:7,0
DA:8,0
DA:10,0
DA:12,0
DA:18,0
DA:20,0
LF:12
LH:0
BRDA:8,0,0,0
BRDA:8,0,1,0
BRDA:8,1,0,0
BRDA:8,1,1,0
BRDA:8,2,0,0
BRDA:8,2,1,0
BRDA:8,3,0,0
BRDA:8,3,1,0
BRDA:12,4,0,0
BRDA:12,4,1,0
BRF:10
BRH:0
end_of_record
TN:
SF:/home/karel/Work/tshop_admin/src/components/dialogs/DeleteProductDialog.jsx
FN:14,(anonymous_0)
FN:19,(anonymous_1)
FN:26,(anonymous_2)
FN:30,(anonymous_3)
FN:34,(anonymous_4)
FN:37,(anonymous_5)
FN:42,(anonymous_6)
FN:69,(anonymous_7)
FNF:8
FNH:5
FNDA:1,(anonymous_0)
FNDA:1,(anonymous_1)
FNDA:1,(anonymous_2)
FNDA:1,(anonymous_3)
FNDA:0,(anonymous_4)
FNDA:0,(anonymous_5)
FNDA:3,(anonymous_6)
FNDA:0,(anonymous_7)
DA:14,2
DA:20,1
DA:21,1
DA:27,1
DA:31,1
DA:35,0
DA:38,0
DA:43,3
DA:44,3
DA:69,0
LF:10
LH:7
BRF:0
BRH:0
end_of_record
TN:
SF:/home/karel/Work/tshop_admin/src/components/dialogs/ProductDetailDialog.jsx
FN:18,(anonymous_0)
FN:54,Transition
FN:59,(anonymous_2)
FN:69,(anonymous_3)
FN:71,(anonymous_4)
FN:79,(anonymous_5)
FN:86,(anonymous_6)
FN:89,(anonymous_7)
FN:92,(anonymous_8)
FN:96,(anonymous_9)
FN:234,(anonymous_10)
FNF:11
FNH:9
FNDA:1,(anonymous_0)
FNDA:0,Transition
FNDA:1,(anonymous_2)
FNDA:1,(anonymous_3)
FNDA:1,(anonymous_4)
FNDA:1,(anonymous_5)
FNDA:1,(anonymous_6)
FNDA:1,(anonymous_7)
FNDA:0,(anonymous_8)
FNDA:7,(anonymous_9)
FNDA:3,(anonymous_10)
DA:18,1
DA:55,0
DA:60,1
DA:61,1
DA:62,1
DA:70,1
DA:71,1
DA:72,1
DA:73,1
DA:74,1
DA:76,1
DA:80,1
DA:87,1
DA:90,1
DA:97,7
DA:98,7
DA:99,7
DA:235,3
LF:18
LH:17
BRDA:224,0,0,4
BRDA:224,0,1,3
BRF:2
BRH:2
end_of_record
TN:
SF:/home/karel/Work/tshop_admin/src/components/dialogs/UpdateProductDialog.jsx
FN:25,(anonymous_0)
FN:34,(anonymous_1)
FN:46,(anonymous_2)
FN:55,(anonymous_3)
FN:59,(anonymous_4)
FN:63,(anonymous_5)
FN:82,(anonymous_6)
FN:101,(anonymous_7)
FN:105,(anonymous_8)
FN:112,(anonymous_9)
FN:207,(anonymous_10)
FNF:11
FNH:8
FNDA:1,(anonymous_0)
FNDA:1,(anonymous_1)
FNDA:1,(anonymous_2)
FNDA:1,(anonymous_3)
FNDA:1,(anonymous_4)
FNDA:1,(anonymous_5)
FNDA:1,(anonymous_6)
FNDA:0,(anonymous_7)
FNDA:0,(anonymous_8)
FNDA:10,(anonymous_9)
FNDA:0,(anonymous_10)
DA:19,2
DA:25,2
DA:35,1
DA:36,1
DA:37,1
DA:47,1
DA:48,0
DA:50,1
DA:56,1
DA:60,1
DA:64,1
DA:65,1
DA:67,1
DA:68,1
DA:71,1
DA:72,0
DA:73,0
DA:75,1
DA:76,1
DA:79,1
DA:83,1
DA:84,1
DA:86,1
DA:87,1
DA:88,0
DA:90,1
DA:94,1
DA:95,0
DA:97,1
DA:102,0
DA:103,0
DA:106,0
DA:107,0
DA:108,0
DA:113,10
DA:114,10
DA:207,0
LF:37
LH:26
BRDA:47,0,0,0
BRDA:47,0,1,1
BRDA:71,1,0,0
BRDA:71,1,1,1
BRDA:87,2,0,0
BRDA:87,2,1,1
BRDA:94,3,0,0
BRDA:94,3,1,1
BRF:8
BRH:4
end_of_record
TN:
SF:/home/karel/Work/tshop_admin/src/components/drawers/Drawer.jsx
FN:11,_interopRequireDefault
FN:16,(anonymous_1)
FN:37,(anonymous_2)
FN:42,(anonymous_3)
FN:47,(anonymous_4)
FNF:5
FNH:0
FNDA:0,_interopRequireDefault
FNDA:0,(anonymous_1)
FNDA:0,(anonymous_2)
FNDA:0,(anonymous_3)
FNDA:0,(anonymous_4)
DA:1,0
DA:4,0
DA:5,0
DA:6,0
DA:7,0
DA:8,0
DA:9,0
DA:10,0
DA:11,0
DA:14,0
DA:16,0
DA:37,0
DA:43,0
DA:44,0
DA:48,0
DA:49,0
DA:50,0
DA:85,0
LF:18
LH:0
BRDA:11,0,0,0
BRDA:11,0,1,0
BRDA:11,1,0,0
BRDA:11,1,1,0
BRF:4
BRH:0
end_of_record
TN:
SF:/home/karel/Work/tshop_admin/src/components/pages/AddProductPage.jsx
FN:14,_interopRequireDefault
FN:16,(anonymous_1)
FN:56,(anonymous_2)
FN:180,(anonymous_3)
FN:180,(anonymous_4)
FN:184,(anonymous_5)
FN:184,(anonymous_6)
FN:184,(anonymous_7)
FN:184,(anonymous_8)
FN:185,(anonymous_9)
FN:185,(anonymous_10)
FN:185,(anonymous_11)
FN:185,(anonymous_12)
FN:186,(anonymous_13)
FN:186,(anonymous_14)
FN:186,(anonymous_15)
FN:190,(anonymous_16)
FN:199,(anonymous_17)
FN:230,(anonymous_18)
FNF:19
FNH:0
FNDA:0,_interopRequireDefault
FNDA:0,(anonymous_1)
FNDA:0,(anonymous_2)
FNDA:0,(anonymous_3)
FNDA:0,(anonymous_4)
FNDA:0,(anonymous_5)
FNDA:0,(anonymous_6)
FNDA:0,(anonymous_7)
FNDA:0,(anonymous_8)
FNDA:0,(anonymous_9)
FNDA:0,(anonymous_10)
FNDA:0,(anonymous_11)
FNDA:0,(anonymous_12)
FNDA:0,(anonymous_13)
FNDA:0,(anonymous_14)
FNDA:0,(anonymous_15)
FNDA:0,(anonymous_16)
FNDA:0,(anonymous_17)
FNDA:0,(anonymous_18)
DA:1,0
DA:6,0
DA:7,0
DA:8,0
DA:9,0
DA:10,0
DA:11,0
DA:12,0
DA:13,0
DA:14,0
DA:16,0
DA:40,0
DA:57,0
DA:180,0
DA:181,0
DA:182,0
DA:183,0
DA:184,0
DA:185,0
DA:186,0
DA:187,0
DA:191,0
DA:192,0
DA:194,0
DA:200,0
DA:201,0
DA:202,0
DA:231,0
DA:314,0
LF:29
LH:0
BRDA:14,0,0,0
BRDA:14,0,1,0
BRDA:14,1,0,0
BRDA:14,1,1,0
BRDA:184,2,0,0
BRDA:184,2,1,0
BRDA:185,3,0,0
BRDA:185,3,1,0
BRDA:185,4,0,0
BRDA:185,4,1,0
BRDA:186,5,0,0
BRDA:186,5,1,0
BRDA:186,6,0,0
BRDA:186,6,1,0
BRDA:191,7,0,0
BRDA:191,7,1,0
BRF:16
BRH:0
end_of_record
TN:
SF:/home/karel/Work/tshop_admin/src/components/pages/ChangePasswordPage.jsx
FN:11,_interopRequireDefault
FN:13,(anonymous_1)
FN:27,(anonymous_2)
FN:43,(anonymous_3)
FN:53,(anonymous_4)
FN:58,(anonymous_5)
FN:67,(anonymous_6)
FN:76,(anonymous_7)
FN:79,(anonymous_8)
FN:84,(anonymous_9)
FNF:10
FNH:0
FNDA:0,_interopRequireDefault
FNDA:0,(anonymous_1)
FNDA:0,(anonymous_2)
FNDA:0,(anonymous_3)
FNDA:0,(anonymous_4)
FNDA:0,(anonymous_5)
FNDA:0,(anonymous_6)
FNDA:0,(anonymous_7)
FNDA:0,(anonymous_8)
FNDA:0,(anonymous_9)
DA:1,0
DA:6,0
DA:7,0
DA:8,0
DA:9,0
DA:10,0
DA:11,0
DA:13,0
DA:28,0
DA:29,0
DA:30,0
DA:31,0
DA:44,0
DA:45,0
DA:46,0
DA:48,0
DA:49,0
DA:50,0
DA:51,0
DA:53,0
DA:54,0
DA:59,0
DA:60,0
DA:61,0
DA:63,0
DA:64,0
DA:67,0
DA:69,0
DA:70,0
DA:72,0
DA:77,0
DA:80,0
DA:85,0
DA:86,0
DA:87,0
DA:128,0
LF:36
LH:0
BRDA:11,0,0,0
BRDA:11,0,1,0
BRDA:11,1,0,0
BRDA:11,1,1,0
BRDA:67,2,0,0
BRDA:67,2,1,0
BRDA:69,3,0,0
BRDA:69,3,1,0
BRDA:69,4,0,0
BRDA:69,4,1,0
BRF:10
BRH:0
end_of_record
TN:
SF:/home/karel/Work/tshop_admin/src/components/pages/HomePage.jsx
FN:14,_interopRequireDefault
FN:25,(anonymous_1)
FN:38,Home
FNF:3
FNH:0
FNDA:0,_interopRequireDefault
FNDA:0,(anonymous_1)
FNDA:0,Home
DA:1,0
DA:6,0
DA:7,0
DA:8,0
DA:9,0
DA:10,0
DA:11,0
DA:12,0
DA:13,0
DA:14,0
DA:19,0
DA:25,0
DA:39,0
DA:40,0
DA:81,0
LF:15
LH:0
BRDA:14,0,0,0
BRDA:14,0,1,0
BRDA:14,1,0,0
BRDA:14,1,1,0
BRF:4
BRH:0
end_of_record
TN:
SF:/home/karel/Work/tshop_admin/src/components/pages/LoginPage.jsx
FN:11,_interopRequireDefault
FN:13,(anonymous_1)
FN:35,(anonymous_2)
FN:52,(anonymous_3)
FN:68,(anonymous_4)
FN:77,(anonymous_5)
FN:85,(anonymous_6)
FN:88,(anonymous_7)
FN:93,(anonymous_8)
FN:100,(anonymous_9)
FNF:10
FNH:0
FNDA:0,_interopRequireDefault
FNDA:0,(anonymous_1)
FNDA:0,(anonymous_2)
FNDA:0,(anonymous_3)
FNDA:0,(anonymous_4)
FNDA:0,(anonymous_5)
FNDA:0,(anonymous_6)
FNDA:0,(anonymous_7)
FNDA:0,(anonymous_8)
FNDA:0,(anonymous_9)
DA:1,0
DA:7,0
DA:8,0
DA:9,0
DA:10,0
DA:11,0
DA:13,0
DA:36,0
DA:37,0
DA:38,0
DA:39,0
DA:41,0
DA:53,0
DA:54,0
DA:55,0
DA:57,0
DA:58,0
DA:60,0
DA:62,0
DA:63,0
DA:65,0
DA:69,0
DA:70,0
DA:71,0
DA:73,0
DA:74,0
DA:77,0
DA:78,0
DA:79,0
DA:81,0
DA:86,0
DA:89,0
DA:94,0
DA:95,0
DA:97,0
DA:101,0
DA:102,0
DA:105,0
DA:106,0
DA:145,0
LF:40
LH:0
BRDA:11,0,0,0
BRDA:11,0,1,0
BRDA:11,1,0,0
BRDA:11,1,1,0
BRDA:77,2,0,0
BRDA:77,2,1,0
BRDA:78,3,0,0
BRDA:78,3,1,0
BRDA:94,4,0,0
BRDA:94,4,1,0
BRDA:101,5,0,0
BRDA:101,5,1,0
BRF:12
BRH:0
end_of_record
TN:
SF:/home/karel/Work/tshop_admin/src/components/pages/ProductCatalogPage.jsx
FN:4,_interopRequireDefault
FN:7,(anonymous_1)
FN:15,(anonymous_2)
FN:18,(anonymous_3)
FN:23,(anonymous_4)
FN:27,(anonymous_5)
FNF:6
FNH:0
FNDA:0,_interopRequireDefault
FNDA:0,(anonymous_1)
FNDA:0,(anonymous_2)
FNDA:0,(anonymous_3)
FNDA:0,(anonymous_4)
FNDA:0,(anonymous_5)
DA:1,0
DA:2,0
DA:3,0
DA:4,0
DA:8,0
DA:9,0
DA:10,0
DA:16,0
DA:19,0
DA:24,0
DA:28,0
DA:29,0
DA:34,0
LF:13
LH:0
BRDA:4,0,0,0
BRDA:4,0,1,0
BRDA:4,1,0,0
BRDA:4,1,1,0
BRF:4
BRH:0
end_of_record
TN:
SF:/home/karel/Work/tshop_admin/src/components/pages/SettingsPage.jsx
FN:9,_interopRequireDefault
FN:11,(anonymous_1)
FN:18,TabContainer
FN:27,(anonymous_3)
FN:34,(anonymous_4)
FN:38,(anonymous_5)
FNF:6
FNH:0
FNDA:0,_interopRequireDefault
FNDA:0,(anonymous_1)
FNDA:0,TabContainer
FNDA:0,(anonymous_3)
FNDA:0,(anonymous_4)
FNDA:0,(anonymous_5)
DA:1,0
DA:6,0
DA:7,0
DA:8,0
DA:9,0
DA:11,0
DA:19,0
DA:28,0
DA:35,0
DA:36,0
DA:39,0
DA:40,0
DA:41,0
DA:61,0
LF:14
LH:0
BRDA:9,0,0,0
BRDA:9,0,1,0
BRDA:9,1,0,0
BRDA:9,1,1,0
BRDA:56,2,0,0
BRDA:56,2,1,0
BRDA:57,3,0,0
BRDA:57,3,1,0
BRDA:58,4,0,0
BRDA:58,4,1,0
BRF:10
BRH:0
end_of_record
TN:
SF:/home/karel/Work/tshop_admin/src/components/pages/SignUpPage.jsx
FN:12,_interopRequireDefault
FN:14,(anonymous_1)
FN:39,(anonymous_2)
FN:60,(anonymous_3)
FN:71,(anonymous_4)
FN:76,(anonymous_5)
FN:85,(anonymous_6)
FN:94,(anonymous_7)
FN:97,(anonymous_8)
FN:106,(anonymous_9)
FN:111,(anonymous_10)
FN:121,(anonymous_11)
FNF:12
FNH:0
FNDA:0,_interopRequireDefault
FNDA:0,(anonymous_1)
FNDA:0,(anonymous_2)
FNDA:0,(anonymous_3)
FNDA:0,(anonymous_4)
FNDA:0,(anonymous_5)
FNDA:0,(anonymous_6)
FNDA:0,(anonymous_7)
FNDA:0,(anonymous_8)
FNDA:0,(anonymous_9)
FNDA:0,(anonymous_10)
FNDA:0,(anonymous_11)
DA:1,0
DA:7,0
DA:8,0
DA:9,0
DA:10,0
DA:11,0
DA:12,0
DA:14,0
DA:40,0
DA:41,0
DA:42,0
DA:43,0
DA:44,0
DA:61,0
DA:62,0
DA:63,0
DA:65,0
DA:66,0
DA:67,0
DA:68,0
DA:71,0
DA:72,0
DA:77,0
DA:78,0
DA:79,0
DA:81,0
DA:82,0
DA:85,0
DA:87,0
DA:88,0
DA:90,0
DA:95,0
DA:98,0
DA:107,0
DA:112,0
DA:113,0
DA:115,0
DA:122,0
DA:123,0
DA:124,0
DA:173,0
LF:41
LH:0
BRDA:12,0,0,0
BRDA:12,0,1,0
BRDA:12,1,0,0
BRDA:12,1,1,0
BRDA:85,2,0,0
BRDA:85,2,1,0
BRDA:87,3,0,0
BRDA:87,3,1,0
BRDA:87,4,0,0
BRDA:87,4,1,0
BRDA:87,4,2,0
BRDA:112,5,0,0
BRDA:112,5,1,0
BRF:13
BRH:0
end_of_record
TN:
SF:/home/karel/Work/tshop_admin/src/components/pagination/TablePagination.jsx
FN:7,_interopRequireDefault
FN:9,(anonymous_1)
FN:17,(anonymous_2)
FN:18,(anonymous_3)
FN:22,(anonymous_4)
FN:26,(anonymous_5)
FN:30,(anonymous_6)
FN:37,(anonymous_7)
FNF:8
FNH:0
FNDA:0,_interopRequireDefault
FNDA:0,(anonymous_1)
FNDA:0,(anonymous_2)
FNDA:0,(anonymous_3)
FNDA:0,(anonymous_4)
FNDA:0,(anonymous_5)
FNDA:0,(anonymous_6)
FNDA:0,(anonymous_7)
DA:1,0
DA:2,0
DA:3,0
DA:4,0
DA:5,0
DA:6,0
DA:7,0
DA:9,0
DA:17,0
DA:19,0
DA:23,0
DA:27,0
DA:31,0
DA:38,0
DA:40,0
DA:75,0
DA:76,0
LF:17
LH:0
BRDA:7,0,0,0
BRDA:7,0,1,0
BRDA:7,1,0,0
BRDA:7,1,1,0
BRDA:47,2,0,0
BRDA:47,2,1,0
BRDA:54,3,0,0
BRDA:54,3,1,0
BRDA:61,4,0,0
BRDA:61,4,1,0
BRDA:68,5,0,0
BRDA:68,5,1,0
BRF:12
BRH:0
end_of_record
TN:
SF:/home/karel/Work/tshop_admin/src/components/snackbars/AddProductBar.jsx
FN:9,_interopRequireDefault
FN:11,(anonymous_1)
FN:25,(anonymous_2)
FN:34,(anonymous_3)
FN:38,(anonymous_4)
FN:49,(anonymous_5)
FNF:6
FNH:0
FNDA:0,_interopRequireDefault
FNDA:0,(anonymous_1)
FNDA:0,(anonymous_2)
FNDA:0,(anonymous_3)
FNDA:0,(anonymous_4)
FNDA:0,(anonymous_5)
DA:1,0
DA:3,0
DA:4,0
DA:5,0
DA:6,0
DA:7,0
DA:8,0
DA:9,0
DA:11,0
DA:26,0
DA:28,0
DA:34,0
DA:38,0
DA:49,0
DA:57,0
LF:15
LH:0
BRDA:9,0,0,0
BRDA:9,0,1,0
BRDA:9,1,0,0
BRDA:9,1,1,0
BRF:4
BRH:0
end_of_record
TN:
SF:/home/karel/Work/tshop_admin/src/components/snackbars/LoginErrorBar.jsx
FN:8,_interopRequireDefault
FN:10,(anonymous_1)
FN:24,(anonymous_2)
FN:33,(anonymous_3)
FN:37,(anonymous_4)
FN:48,(anonymous_5)
FNF:6
FNH:0
FNDA:0,_interopRequireDefault
FNDA:0,(anonymous_1)
FNDA:0,(anonymous_2)
FNDA:0,(anonymous_3)
FNDA:0,(anonymous_4)
FNDA:0,(anonymous_5)
DA:1,0
DA:3,0
DA:4,0
DA:5,0
DA:6,0
DA:7,0
DA:8,0
DA:10,0
DA:25,0
DA:27,0
DA:33,0
DA:37,0
DA:48,0
DA:56,0
LF:14
LH:0
BRDA:8,0,0,0
BRDA:8,0,1,0
BRDA:8,1,0,0
BRDA:8,1,1,0
BRF:4
BRH:0
end_of_record
TN:
SF:/home/karel/Work/tshop_admin/src/components/snackbars/SignUpErrorBar.jsx
FN:7,_interopRequireDefault
FN:9,(anonymous_1)
FN:23,(anonymous_2)
FN:32,(anonymous_3)
FN:36,(anonymous_4)
FN:47,(anonymous_5)
FNF:6
FNH:0
FNDA:0,_interopRequireDefault
FNDA:0,(anonymous_1)
FNDA:0,(anonymous_2)
FNDA:0,(anonymous_3)
FNDA:0,(anonymous_4)
FNDA:0,(anonymous_5)
DA:1,0
DA:2,0
DA:3,0
DA:4,0
DA:5,0
DA:6,0
DA:7,0
DA:9,0
DA:24,0
DA:26,0
DA:32,0
DA:36,0
DA:47,0
DA:55,0
LF:14
LH:0
BRDA:7,0,0,0
BRDA:7,0,1,0
BRDA:7,1,0,0
BRDA:7,1,1,0
BRF:4
BRH:0
end_of_record
TN:
SF:/home/karel/Work/tshop_admin/src/components/snackbars/UpdateProductBar.jsx
FN:11,(anonymous_0)
FN:25,(anonymous_1)
FN:34,(anonymous_2)
FN:38,(anonymous_3)
FN:49,(anonymous_4)
FNF:5
FNH:0
FNDA:0,(anonymous_0)
FNDA:0,(anonymous_1)
FNDA:0,(anonymous_2)
FNDA:0,(anonymous_3)
FNDA:0,(anonymous_4)
DA:11,2
DA:26,0
DA:28,0
DA:34,0
DA:38,0
DA:49,0
LF:6
LH:1
BRF:0
BRH:0
end_of_record
TN:
SF:/home/karel/Work/tshop_admin/src/components/snackbars/UserAddedBar.jsx
FN:8,_interopRequireDefault
FN:10,(anonymous_1)
FN:24,(anonymous_2)
FN:33,(anonymous_3)
FN:37,(anonymous_4)
FN:48,(anonymous_5)
FNF:6
FNH:0
FNDA:0,_interopRequireDefault
FNDA:0,(anonymous_1)
FNDA:0,(anonymous_2)
FNDA:0,(anonymous_3)
FNDA:0,(anonymous_4)
FNDA:0,(anonymous_5)
DA:1,0
DA:2,0
DA:3,0
DA:4,0
DA:5,0
DA:6,0
DA:7,0
DA:8,0
DA:10,0
DA:25,0
DA:27,0
DA:33,0
DA:37,0
DA:48,0
DA:56,0
LF:15
LH:0
BRDA:8,0,0,0
BRDA:8,0,1,0
BRDA:8,1,0,0
BRDA:8,1,1,0
BRF:4
BRH:0
end_of_record
TN:
SF:/home/karel/Work/tshop_admin/src/components/tables/ProductsTable.jsx
FN:22,_interopRequireDefault
FN:24,(anonymous_1)
FN:50,(anonymous_2)
FN:96,(anonymous_3)
FN:96,(anonymous_4)
FN:96,(anonymous_5)
FN:96,(anonymous_6)
FN:96,(anonymous_7)
FN:96,(anonymous_8)
FN:98,(anonymous_9)
FN:101,(anonymous_10)
FN:104,(anonymous_11)
FN:113,(anonymous_12)
FN:162,(anonymous_13)
FN:168,(anonymous_14)
FNF:15
FNH:0
FNDA:0,_interopRequireDefault
FNDA:0,(anonymous_1)
FNDA:0,(anonymous_2)
FNDA:0,(anonymous_3)
FNDA:0,(anonymous_4)
FNDA:0,(anonymous_5)
FNDA:0,(anonymous_6)
FNDA:0,(anonymous_7)
FNDA:0,(anonymous_8)
FNDA:0,(anonymous_9)
FNDA:0,(anonymous_10)
FNDA:0,(anonymous_11)
FNDA:0,(anonymous_12)
FNDA:0,(anonymous_13)
FNDA:0,(anonymous_14)
DA:1,0
DA:8,0
DA:9,0
DA:10,0
DA:11,0
DA:12,0
DA:13,0
DA:14,0
DA:15,0
DA:16,0
DA:17,0
DA:18,0
DA:19,0
DA:20,0
DA:21,0
DA:22,0
DA:24,0
DA:50,0
DA:96,0
DA:99,0
DA:100,0
DA:101,0
DA:102,0
DA:105,0
DA:106,0
DA:107,0
DA:114,0
DA:115,0
DA:116,0
DA:117,0
DA:118,0
DA:163,0
DA:164,0
DA:168,0
DA:211,0
LF:35
LH:0
BRDA:22,0,0,0
BRDA:22,0,1,0
BRDA:22,1,0,0
BRDA:22,1,1,0
BRDA:96,2,0,0
BRDA:96,2,1,0
BRDA:96,3,0,0
BRDA:96,3,1,0
BRDA:96,4,0,0
BRDA:96,4,1,0
BRDA:96,5,0,0
BRDA:96,5,1,0
BRDA:96,6,0,0
BRDA:96,6,1,0
BRDA:106,7,0,0
BRDA:106,7,1,0
BRDA:120,8,0,0
BRDA:120,8,1,0
BRDA:145,9,0,0
BRDA:145,9,1,0
BRDA:188,10,0,0
BRDA:188,10,1,0
BRF:22
BRH:0
end_of_record
TN:
SF:/home/karel/Work/tshop_admin/src/components/tables/UsersTable.jsx
FN:13,_interopRequireDefault
FN:15,(anonymous_1)
FN:18,(anonymous_2)
FN:25,(anonymous_3)
FN:29,(anonymous_4)
FN:33,(anonymous_5)
FN:36,(anonymous_6)
FN:41,(anonymous_7)
FN:45,(anonymous_8)
FN:62,(anonymous_9)
FNF:10
FNH:0
FNDA:0,_interopRequireDefault
FNDA:0,(anonymous_1)
FNDA:0,(anonymous_2)
FNDA:0,(anonymous_3)
FNDA:0,(anonymous_4)
FNDA:0,(anonymous_5)
FNDA:0,(anonymous_6)
FNDA:0,(anonymous_7)
FNDA:0,(anonymous_8)
FNDA:0,(anonymous_9)
DA:1,0
DA:5,0
DA:6,0
DA:7,0
DA:8,0
DA:9,0
DA:10,0
DA:11,0
DA:12,0
DA:13,0
DA:15,0
DA:18,0
DA:26,0
DA:30,0
DA:34,0
DA:37,0
DA:42,0
DA:46,0
DA:47,0
DA:49,0
DA:63,0
DA:92,0
LF:22
LH:0
BRDA:13,0,0,0
BRDA:13,0,1,0
BRDA:13,1,0,0
BRDA:13,1,1,0
BRDA:70,2,0,0
BRDA:70,2,1,0
BRF:6
BRH:0
end_of_record
TN:
SF:/home/karel/Work/tshop_admin/src/mixins/stringToFileConverter.js
FN:1,base64toBlob
FNF:1
FNH:0
FNDA:0,base64toBlob
DA:1,0
DA:2,0
DA:3,0
DA:5,0
DA:6,0
DA:8,0
DA:9,0
DA:11,0
DA:12,0
DA:13,0
DA:16,0
DA:17,0
DA:19,0
DA:20,0
DA:24,0
DA:25,0
LF:16
LH:0
BRDA:2,0,0,0
BRDA:2,0,1,0
BRDA:3,1,0,0
BRDA:3,1,1,0
BRF:4
BRH:0
end_of_record
TN:
SF:/home/karel/Work/tshop_admin/src/mixins/validation.js
FN:8,testReg
FNF:1
FNH:1
FNDA:1,testReg
DA:1,2
DA:2,2
DA:3,2
DA:4,2
DA:5,2
DA:6,2
DA:9,1
DA:10,0
DA:11,0
DA:12,0
DA:13,0
DA:14,0
DA:15,1
DA:19,2
LF:14
LH:9
BRDA:9,0,0,0
BRDA:9,0,1,0
BRDA:9,0,2,0
BRDA:9,0,3,0
BRDA:9,0,4,0
BRDA:9,0,5,1
BRF:6
BRH:1
end_of_record
TN:
SF:/home/karel/Work/tshop_admin/src/services/http-common.js
FN:15,(anonymous_0)
FN:19,(anonymous_1)
FN:20,(anonymous_2)
FN:23,(anonymous_3)
FNF:4
FNH:2
FNDA:0,(anonymous_0)
FNDA:1,(anonymous_1)
FNDA:1,(anonymous_2)
FNDA:0,(anonymous_3)
DA:4,3
DA:6,3
DA:8,3
DA:9,3
DA:10,0
DA:12,3
DA:15,3
DA:16,0
DA:19,3
DA:20,1
DA:21,1
DA:23,1
DA:24,0
DA:26,1
DA:31,3
LF:15
LH:12
BRDA:9,0,0,0
BRDA:9,0,1,3
BRF:2
BRH:1
end_of_record
TN:
SF:/home/karel/Work/tshop_admin/src/services/api/products.js
FN:5,getAll
FN:12,add
FN:20,uploadFile
FN:31,getOne
FN:38,getImage
FN:45,update
FN:53,destroy
FNF:7
FNH:1
FNDA:0,getAll
FNDA:0,add
FNDA:0,uploadFile
FNDA:1,getOne
FNDA:0,getImage
FNDA:0,update
FNDA:0,destroy
DA:3,3
DA:6,0
DA:13,0
DA:21,0
DA:32,1
DA:39,0
DA:46,0
DA:54,0
DA:60,3
LF:9
LH:3
BRDA:16,0,0,0
BRDA:16,0,1,0
BRDA:27,1,0,0
BRDA:27,1,1,0
BRDA:49,2,0,0
BRDA:49,2,1,0
BRF:6
BRH:0
end_of_record
TN:
SF:/home/karel/Work/tshop_admin/src/services/api/users.js
FN:1,_interopRequireDefault
FN:7,getAll
FN:14,deleteUser
FN:21,changePassword
FNF:4
FNH:0
FNDA:0,_interopRequireDefault
FNDA:0,getAll
FNDA:0,deleteUser
FNDA:0,changePassword
DA:1,0
DA:3,0
DA:5,0
DA:8,0
DA:15,0
DA:22,0
DA:29,0
DA:32,0
LF:8
LH:0
BRDA:1,0,0,0
BRDA:1,0,1,0
BRDA:1,1,0,0
BRDA:1,1,1,0
BRF:4
BRH:0
end_of_record
TN:
SF:/home/karel/Work/tshop_admin/src/services/auth/authService.js
FN:1,_interopRequireDefault
FN:5,login
FN:10,(anonymous_2)
FN:19,signUp
FN:27,logout
FN:32,isAuthenticated
FNF:6
FNH:0
FNDA:0,_interopRequireDefault
FNDA:0,login
FNDA:0,(anonymous_2)
FNDA:0,signUp
FNDA:0,logout
FNDA:0,isAuthenticated
DA:1,0
DA:3,0
DA:6,0
DA:11,0
DA:12,0
DA:13,0
DA:14,0
DA:15,0
DA:20,0
DA:28,0
DA:29,0
DA:33,0
DA:34,0
DA:36,0
DA:40,0
DA:44,0
LF:16
LH:0
BRDA:1,0,0,0
BRDA:1,0,1,0
BRDA:1,1,0,0
BRDA:1,1,1,0
BRDA:33,2,0,0
BRDA:33,2,1,0
BRF:6
BRH:0
end_of_record
